2024.05.13 15:27:02 INFO  Started: Metals version 1.3.0 in folders '/home/andresuv/cuartoSemestre/PFC/proyecto/proyectocode' for client Visual Studio Code 1.87.2.[0m
SLF4J: Class path contains multiple SLF4J providers.
SLF4J: Found provider [scribe.slf4j.ScribeServiceProvider@5fed333a]
SLF4J: Found provider [ch.qos.logback.classic.spi.LogbackServiceProvider@3633d2b5]
SLF4J: See https://www.slf4j.org/codes.html#multiple_bindings for an explanation.
SLF4J: Actual provider is of type [scribe.slf4j.ScribeServiceProvider@5fed333a]
2024.05.13 15:27:02 WARN  Flyway upgrade recommended: H2 2.2.224 is newer than this version of Flyway and support has not been tested. The latest supported version of H2 is 2.2.220.[0m
2024.05.13 15:27:02 WARN  no build tool detected in workspace '/home/andresuv/cuartoSemestre/PFC/proyecto/proyectocode'. The most common cause for this problem is that the editor was opened in the wrong working directory, for example if you use sbt then the workspace directory should contain build.sbt. [0m
2024.05.13 15:27:02 WARN  Build server is not auto-connectable.[0m
2024.05.13 15:27:28 ERROR Picked up _JAVA_OPTIONS: -Dawt.useSystemAAFontSettings=on -Dswing.aatext=true[0m
2024.05.13 15:27:28 ERROR SLF4J: Failed to load class "org.slf4j.impl.StaticLoggerBinder".[0m
2024.05.13 15:27:28 ERROR SLF4J: Defaulting to no-operation (NOP) logger implementation[0m
2024.05.13 15:27:28 ERROR SLF4J: See http://www.slf4j.org/codes.html#StaticLoggerBinder for further details.[0m
2024.05.13 15:27:30 INFO  [0m
2024.05.13 15:27:30 INFO  Template applied in /home/andresuv/cuartoSemestre/PFC/proyecto/proyectocode/./proyectofinal[0m
2024.05.13 15:27:30 INFO  [0m
2024.05.13 15:27:30 INFO  time: ran 'giter8.Giter8' in 2.91s[0m
2024.05.13 15:27:35 INFO  Shutting down server[0m
2024.05.13 15:27:35 INFO  shutting down Metals[0m
2024.05.13 15:27:35 INFO  Exiting server[0m
2024.05.13 18:59:54 INFO  Started: Metals version 1.3.0 in folders '/home/andresuv/cuartoSemestre/PFC/proyecto/proyectocode' for client Visual Studio Code 1.87.2.[0m
SLF4J: Class path contains multiple SLF4J providers.
SLF4J: Found provider [scribe.slf4j.ScribeServiceProvider@105fbf5c]
SLF4J: Found provider [ch.qos.logback.classic.spi.LogbackServiceProvider@2d230095]
SLF4J: See https://www.slf4j.org/codes.html#multiple_bindings for an explanation.
SLF4J: Actual provider is of type [scribe.slf4j.ScribeServiceProvider@105fbf5c]
2024.05.13 18:59:54 WARN  Flyway upgrade recommended: H2 2.2.224 is newer than this version of Flyway and support has not been tested. The latest supported version of H2 is 2.2.220.[0m
2024.05.13 18:59:55 INFO  Attempting to connect to the build server...[0m
2024.05.13 18:59:57 INFO  tracing is disabled for protocol BSP, to enable tracing of incoming and outgoing JSON messages create an empty file at /home/andresuv/cuartoSemestre/PFC/proyecto/proyectocode/.metals/bsp.trace.json or /home/andresuv/.cache/metals/bsp.trace.json[0m
2024.05.13 18:59:58 INFO  time: Connected to build server in 2.33s[0m
2024.05.13 18:59:58 INFO  Connected to Build server: Bloop v1.5.17[0m
2024.05.13 18:59:58 INFO  time: Imported build in 0.13s[0m
2024.05.13 18:59:58 INFO  no build target found for /home/andresuv/cuartoSemestre/PFC/proyecto/proyectocode/proyectofinal/src/test/scala/pruebas.worksheet.sc. Using presentation compiler with project's scala-library version: 3.3.3[0m
2024.05.13 18:59:59 WARN  Could not find java sources in /usr/lib/jvm/src.zip, /usr/lib/jvm/lib/src.zip, /usr/lib/jvm/java-17-openjdk-amd64/src.zip, /usr/lib/jvm/java-17-openjdk-amd64/lib/src.zip. Java symbols will not be available.[0m
2024.05.13 18:59:59 WARN  Could not find java sources in /usr/lib/jvm/src.zip, /usr/lib/jvm/lib/src.zip, /usr/lib/jvm/java-17-openjdk-amd64/src.zip, /usr/lib/jvm/java-17-openjdk-amd64/lib/src.zip. Java symbols will not be available.[0m
2024.05.13 18:59:59 WARN  Could not find java sources in /usr/lib/jvm/src.zip, /usr/lib/jvm/lib/src.zip, /usr/lib/jvm/java-17-openjdk-amd64/src.zip, /usr/lib/jvm/java-17-openjdk-amd64/lib/src.zip. Java symbols will not be available.[0m
2024.05.13 18:59:59 INFO  time: indexed workspace in 0.82s[0m
2024.05.13 18:59:59 WARN  no build target for: /home/andresuv/cuartoSemestre/PFC/proyecto/proyectocode/proyectofinal/src/test/scala/pruebas.worksheet.sc[0m
[31merror[39m: proyectofinal/src/test/scala/pruebas.worksheet.sc:67:32: left- and right-associative operators with same precedence may not be mixed
  case h::t=> if(h.Dst==cod1) h::t:+vuelo
                               ^^
2024.05.13 19:00:01 INFO  no build target found for /home/andresuv/cuartoSemestre/PFC/proyecto/proyectocode/proyectofinal/src/test/scala/pruebas.worksheet.sc. Using presentation compiler with project's scala-library version: 3.3.3[0m
2024.05.13 19:00:02 INFO  time: evaluated worksheet 'pruebas.worksheet.sc' in 3.23s[0m
2024.05.13 19:00:02 WARN  no build target for: /home/andresuv/cuartoSemestre/PFC/proyecto/proyectocode/proyectofinal/src/test/scala/pruebas.worksheet.sc[0m
[31merror[39m: proyectofinal/src/test/scala/pruebas.worksheet.sc:67:32: left- and right-associative operators with same precedence may not be mixed
  case h::t=> if(h.Dst==cod1) h::t:+vuelo
                               ^^
2024.05.13 19:00:03 INFO  time: evaluated worksheet 'pruebas.worksheet.sc' in 0.57s[0m
2024.05.13 19:00:04 INFO  time: code lens generation in 1.41s[0m
2024.05.13 19:00:04 INFO  time: code lens generation in 1.44s[0m
2024.05.13 19:00:04 INFO  time: code lens generation in 1.44s[0m
2024.05.13 19:00:04 INFO  no build target found for /home/andresuv/cuartoSemestre/PFC/proyecto/proyectocode/proyectofinal/src/test/scala/pruebas.worksheet.sc. Using presentation compiler with project's scala-library version: 3.3.3[0m
May 13, 2024 7:00:09 PM org.eclipse.lsp4j.jsonrpc.RemoteEndpoint handleCancellation
WARNING: Unmatched cancel notification for request id 61
May 13, 2024 7:00:09 PM org.eclipse.lsp4j.jsonrpc.RemoteEndpoint handleCancellation
WARNING: Unmatched cancel notification for request id 62
May 13, 2024 7:00:20 PM org.eclipse.lsp4j.jsonrpc.RemoteEndpoint handleCancellation
WARNING: Unmatched cancel notification for request id 107
2024.05.13 19:01:58 WARN  no build target for: /home/andresuv/cuartoSemestre/PFC/proyecto/proyectocode/proyectofinal/src/test/scala/pruebas.worksheet.sc[0m
[31merror[39m: proyectofinal/src/test/scala/pruebas.worksheet.sc:70:2: 
Found:    Unit
Required: MdocApp.this.Itinerario
}
 ^
[33mwarning[39m: proyectofinal/src/test/scala/pruebas.worksheet.sc:66:33: 
A pure expression does nothing in statement position; you may be omitting necessary parentheses
  case l=> if(l.head.Dst==cod1) l
                                ^
2024.05.13 19:01:58 INFO  time: evaluated worksheet 'pruebas.worksheet.sc' in 0.63s[0m
2024.05.13 19:02:50 WARN  no build target for: /home/andresuv/cuartoSemestre/PFC/proyecto/proyectocode/proyectofinal/src/test/scala/pruebas.worksheet.sc[0m
[31merror[39m: proyectofinal/src/test/scala/pruebas.worksheet.sc:70:2: 
Found:    Unit
Required: MdocApp.this.Itinerario
}
 ^
[33mwarning[39m: proyectofinal/src/test/scala/pruebas.worksheet.sc:66:33: 
A pure expression does nothing in statement position; you may be omitting necessary parentheses
  case l=> if(l.head.Dst==cod1) l:Itinerario
                                ^^^^^^^^^^^^
2024.05.13 19:02:50 INFO  time: evaluated worksheet 'pruebas.worksheet.sc' in 0.41s[0m
2024.05.13 19:05:04 ERROR Failed to tokenize input for semantic tokens for /home/andresuv/cuartoSemestre/PFC/proyecto/proyectocode/proyectofinal/src/test/scala/pruebas.worksheet.sc
scala.meta.tokenizers.TokenizeException: <input>:57: error: unclosed comment
  /*def formarIt(vuelo: Vuelo, vuelos: List[Vuelo], cod1: String):Itinerario ={
  ^
	at scala.meta.internal.tokenizers.Reporter.incompleteInputError(Reporter.scala:27)
	at scala.meta.internal.tokenizers.Reporter.incompleteInputError$(Reporter.scala:26)
	at scala.meta.internal.tokenizers.Reporter$$anon$1.incompleteInputError(Reporter.scala:33)
	at scala.meta.internal.tokenizers.Reporter.incompleteInputError(Reporter.scala:29)
	at scala.meta.internal.tokenizers.Reporter.incompleteInputError$(Reporter.scala:29)
	at scala.meta.internal.tokenizers.Reporter$$anon$1.incompleteInputError(Reporter.scala:33)
	at scala.meta.internal.tokenizers.LegacyScanner.skipNestedComments(LegacyScanner.scala:55)
	at scala.meta.internal.tokenizers.LegacyScanner.skipToCommentEnd(LegacyScanner.scala:74)
	at scala.meta.internal.tokenizers.LegacyScanner.fetchToken(LegacyScanner.scala:316)
	at scala.meta.internal.tokenizers.LegacyScanner.nextToken(LegacyScanner.scala:214)
	at scala.meta.internal.tokenizers.LegacyScanner.foreach(LegacyScanner.scala:982)
	at scala.meta.internal.tokenizers.ScalametaTokenizer.uncachedTokenize(ScalametaTokenizer.scala:23)
	at scala.meta.internal.tokenizers.ScalametaTokenizer.$anonfun$tokenize$1(ScalametaTokenizer.scala:16)
	at scala.collection.concurrent.TrieMap.getOrElseUpdate(TrieMap.scala:960)
	at scala.meta.internal.tokenizers.ScalametaTokenizer.tokenize(ScalametaTokenizer.scala:16)
	at scala.meta.internal.tokenizers.ScalametaTokenizer$$anon$2.apply(ScalametaTokenizer.scala:331)
	at scala.meta.tokenizers.Api$XtensionTokenizeDialectInput.tokenize(Api.scala:25)
	at scala.meta.tokenizers.Api$XtensionTokenizeInputLike.tokenize(Api.scala:14)
	at scala.meta.internal.metals.SemanticTokensProvider$.getTokens(SemanticTokensProvider.scala:28)
	at scala.meta.internal.metals.SemanticTokensProvider$.provide(SemanticTokensProvider.scala:89)
	at scala.meta.internal.metals.Compilers.$anonfun$semanticTokens$3(Compilers.scala:597)
	at scala.concurrent.impl.Promise$Transformation.run(Promise.scala:467)
	at java.util.concurrent.ThreadPoolExecutor.runWorker(ThreadPoolExecutor.java:1136)
	at java.util.concurrent.ThreadPoolExecutor$Worker.run(ThreadPoolExecutor.java:635)
	at java.lang.Thread.run(Thread.java:840)
[0m
2024.05.13 19:05:58 WARN  no build target for: /home/andresuv/cuartoSemestre/PFC/proyecto/proyectocode/proyectofinal/src/test/scala/pruebas.worksheet.sc[0m
[31merror[39m: proyectofinal/src/test/scala/pruebas.worksheet.sc:74:31: 
Found:    List[MdocApp.this.Vuelo @uncheckedVariance]
Required: MdocApp.this.Vuelo
      vuelos.head :: formarIt(vuelos.tail)
                              ^^^^^^^^^^^
[31merror[39m: proyectofinal/src/test/scala/pruebas.worksheet.sc:76:16: 
Found:    List[MdocApp.this.Vuelo @uncheckedVariance]
Required: MdocApp.this.Vuelo
      formarIt(vuelos.tail)
               ^^^^^^^^^^^
[31merror[39m: proyectofinal/src/test/scala/pruebas.worksheet.sc:93:40: 
too many arguments for method formarIt in class MdocApp: (vuelo: MdocApp.this.Vuelo, vuelos: List[MdocApp.this.Vuelo]):
  MdocApp.this.Itinerario
    } yield formarIt(vuelo,vuelosCurso,cod1)
                                       ^^^^
2024.05.13 19:05:59 INFO  time: evaluated worksheet 'pruebas.worksheet.sc' in 0.35s[0m
2024.05.13 19:06:19 WARN  no build target for: /home/andresuv/cuartoSemestre/PFC/proyecto/proyectocode/proyectofinal/src/test/scala/pruebas.worksheet.sc[0m
[31merror[39m: proyectofinal/src/test/scala/pruebas.worksheet.sc:93:40: 
too many arguments for method formarIt in class MdocApp: (vuelo: MdocApp.this.Vuelo, vuelos: List[MdocApp.this.Vuelo]):
  MdocApp.this.Itinerario
    } yield formarIt(vuelo,vuelosCurso,cod1)
                                       ^^^^
2024.05.13 19:06:19 INFO  time: evaluated worksheet 'pruebas.worksheet.sc' in 0.35s[0m
2024.05.13 19:06:27 WARN  no build target for: /home/andresuv/cuartoSemestre/PFC/proyecto/proyectocode/proyectofinal/src/test/scala/pruebas.worksheet.sc[0m
2024.05.13 19:06:28 INFO  time: evaluated worksheet 'pruebas.worksheet.sc' in 0.95s[0m
May 13, 2024 7:09:15 PM org.eclipse.lsp4j.jsonrpc.RemoteEndpoint handleCancellation
WARNING: Unmatched cancel notification for request id 1027
2024.05.13 19:09:18 WARN  no build target for: /home/andresuv/cuartoSemestre/PFC/proyecto/proyectocode/proyectofinal/src/test/scala/pruebas.worksheet.sc[0m
[31merror[39m: 
pruebas.worksheet.sc:94 (mdoc generated code) 
 Could not infer type for parameter x$1 of anonymous function

In expanded function:
x$1 =>
  x$1 match
    {
      case l =>
        if (l.head.Dst == cod1) l
      case _ =>
        Nil
    }

Expected type for the whole anonymous function: Int
          case l=>if(l.head.Dst==cod1) l


2024.05.13 19:09:18 INFO  time: evaluated worksheet 'pruebas.worksheet.sc' in 0.24s[0m
2024.05.13 19:14:09 WARN  no build target for: /home/andresuv/cuartoSemestre/PFC/proyecto/proyectocode/proyectofinal/src/test/scala/pruebas.worksheet.sc[0m
[31merror[39m: proyectofinal/src/test/scala/pruebas.worksheet.sc:94:15: 
Found:    Unit
Required: List[MdocApp.this.Vuelo]
Maybe you are missing an else part for the conditional?
      case l=>if(l.head.Dst==cod1) l
              ^^^^^^^^^^^^^^^^^^^^^^
2024.05.13 19:14:09 INFO  time: evaluated worksheet 'pruebas.worksheet.sc' in 0.25s[0m
2024.05.13 19:16:28 WARN  no build target for: /home/andresuv/cuartoSemestre/PFC/proyecto/proyectocode/proyectofinal/src/test/scala/pruebas.worksheet.sc[0m
[31merror[39m: proyectofinal/src/test/scala/pruebas.worksheet.sc:94:15: 
Found:    Unit
Required: List[MdocApp.this.Vuelo]
Maybe you are missing an else part for the conditional?
      case l=>if(l.head.Dst==cod1) l
              ^^^^^^^^^^^^^^^^^^^^^^
2024.05.13 19:16:28 INFO  time: evaluated worksheet 'pruebas.worksheet.sc' in 0.22s[0m
2024.05.13 19:17:29 WARN  no build target for: /home/andresuv/cuartoSemestre/PFC/proyecto/proyectocode/proyectofinal/src/test/scala/pruebas.worksheet.sc[0m
[31merror[39m: proyectofinal/src/test/scala/pruebas.worksheet.sc:94:15: 
Found:    Unit
Required: List[MdocApp.this.Vuelo]
Maybe you are missing an else part for the conditional?
      case l=>if(l.head.Org==cod1) l
              ^^^^^^^^^^^^^^^^^^^^^^
2024.05.13 19:17:29 INFO  time: evaluated worksheet 'pruebas.worksheet.sc' in 0.27s[0m
2024.05.13 19:23:14 WARN  no build target for: /home/andresuv/cuartoSemestre/PFC/proyecto/proyectocode/proyectofinal/src/test/scala/pruebas.worksheet.sc[0m
[31merror[39m: proyectofinal/src/test/scala/pruebas.worksheet.sc:95:15: 
Found:    Unit
Required: List[MdocApp.this.Vuelo]
Maybe you are missing an else part for the conditional?
      case l=>if(l.head.Org==cod1) l
              ^^^^^^^^^^^^^^^^^^^^^^
2024.05.13 19:23:15 INFO  time: evaluated worksheet 'pruebas.worksheet.sc' in 0.23s[0m
May 13, 2024 7:24:04 PM org.eclipse.lsp4j.jsonrpc.RemoteEndpoint handleCancellation
WARNING: Unmatched cancel notification for request id 1881
May 13, 2024 7:24:04 PM org.eclipse.lsp4j.jsonrpc.RemoteEndpoint handleCancellation
WARNING: Unmatched cancel notification for request id 1882
May 13, 2024 7:25:10 PM org.eclipse.lsp4j.jsonrpc.RemoteEndpoint handleCancellation
WARNING: Unmatched cancel notification for request id 2028
2024.05.13 19:25:55 WARN  no build target for: /home/andresuv/cuartoSemestre/PFC/proyecto/proyectocode/proyectofinal/src/test/scala/pruebas.worksheet.sc[0m
[31merror[39m: proyectofinal/src/test/scala/pruebas.worksheet.sc:92:15: 
Found:    Unit
Required: IterableOnce[Nothing]
Maybe you are missing an else part for the conditional?
      case l=>if(l.head.Org==cod1)l
              ^^^^^^^^^^^^^^^^^^^^^
[31merror[39m: proyectofinal/src/test/scala/pruebas.worksheet.sc:99:15: 
Found:    Unit
Required: List[MdocApp.this.Vuelo]
Maybe you are missing an else part for the conditional?
      case l=>if(l.head.Org==cod1) l
              ^^^^^^^^^^^^^^^^^^^^^^
2024.05.13 19:25:55 INFO  time: evaluated worksheet 'pruebas.worksheet.sc' in 0.27s[0m
2024.05.13 19:28:24 WARN  no build target for: /home/andresuv/cuartoSemestre/PFC/proyecto/proyectocode/proyectofinal/src/test/scala/pruebas.worksheet.sc[0m
[31merror[39m: proyectofinal/src/test/scala/pruebas.worksheet.sc:92:15: 
Found:    Unit
Required: IterableOnce[Nothing]
Maybe you are missing an else part for the conditional?
      case l=>if(l.head.Org==cod1) List(l)
              ^^^^^^^^^^^^^^^^^^^^^^^^^^^^
[31merror[39m: proyectofinal/src/test/scala/pruebas.worksheet.sc:99:15: 
Found:    Unit
Required: List[MdocApp.this.Vuelo]
Maybe you are missing an else part for the conditional?
      case l=>if(l.head.Org==cod1) l
              ^^^^^^^^^^^^^^^^^^^^^^
2024.05.13 19:28:25 INFO  time: evaluated worksheet 'pruebas.worksheet.sc' in 0.22s[0m
2024.05.13 19:31:12 WARN  no build target for: /home/andresuv/cuartoSemestre/PFC/proyecto/proyectocode/proyectofinal/src/test/scala/pruebas.worksheet.sc[0m
[31merror[39m: proyectofinal/src/test/scala/pruebas.worksheet.sc:94:15: 
Found:    Unit
Required: List[MdocApp.this.Vuelo]
Maybe you are missing an else part for the conditional?
      case l=>if(l.head.Org==cod1) l
              ^^^^^^^^^^^^^^^^^^^^^^
2024.05.13 19:31:12 INFO  time: evaluated worksheet 'pruebas.worksheet.sc' in 0.27s[0m
2024.05.13 19:32:00 WARN  no build target for: /home/andresuv/cuartoSemestre/PFC/proyecto/proyectocode/proyectofinal/src/test/scala/pruebas.worksheet.sc[0m
2024.05.13 19:32:01 INFO  time: evaluated worksheet 'pruebas.worksheet.sc' in 0.55s[0m
2024.05.13 19:35:17 ERROR Failed to tokenize input for semantic tokens for /home/andresuv/cuartoSemestre/PFC/proyecto/proyectocode/proyectofinal/src/test/scala/pruebas.worksheet.sc
scala.meta.tokenizers.TokenizeException: <input>:92: error: unclosed comment
     /* for {
     ^
	at scala.meta.internal.tokenizers.Reporter.incompleteInputError(Reporter.scala:27)
	at scala.meta.internal.tokenizers.Reporter.incompleteInputError$(Reporter.scala:26)
	at scala.meta.internal.tokenizers.Reporter$$anon$1.incompleteInputError(Reporter.scala:33)
	at scala.meta.internal.tokenizers.Reporter.incompleteInputError(Reporter.scala:29)
	at scala.meta.internal.tokenizers.Reporter.incompleteInputError$(Reporter.scala:29)
	at scala.meta.internal.tokenizers.Reporter$$anon$1.incompleteInputError(Reporter.scala:33)
	at scala.meta.internal.tokenizers.LegacyScanner.skipNestedComments(LegacyScanner.scala:55)
	at scala.meta.internal.tokenizers.LegacyScanner.skipToCommentEnd(LegacyScanner.scala:74)
	at scala.meta.internal.tokenizers.LegacyScanner.fetchToken(LegacyScanner.scala:316)
	at scala.meta.internal.tokenizers.LegacyScanner.nextToken(LegacyScanner.scala:214)
	at scala.meta.internal.tokenizers.LegacyScanner.foreach(LegacyScanner.scala:982)
	at scala.meta.internal.tokenizers.ScalametaTokenizer.uncachedTokenize(ScalametaTokenizer.scala:23)
	at scala.meta.internal.tokenizers.ScalametaTokenizer.$anonfun$tokenize$1(ScalametaTokenizer.scala:16)
	at scala.collection.concurrent.TrieMap.getOrElseUpdate(TrieMap.scala:960)
	at scala.meta.internal.tokenizers.ScalametaTokenizer.tokenize(ScalametaTokenizer.scala:16)
	at scala.meta.internal.tokenizers.ScalametaTokenizer$$anon$2.apply(ScalametaTokenizer.scala:331)
	at scala.meta.tokenizers.Api$XtensionTokenizeDialectInput.tokenize(Api.scala:25)
	at scala.meta.tokenizers.Api$XtensionTokenizeInputLike.tokenize(Api.scala:14)
	at scala.meta.internal.metals.SemanticTokensProvider$.getTokens(SemanticTokensProvider.scala:28)
	at scala.meta.internal.metals.SemanticTokensProvider$.provide(SemanticTokensProvider.scala:89)
	at scala.meta.internal.metals.Compilers.$anonfun$semanticTokens$3(Compilers.scala:597)
	at scala.concurrent.impl.Promise$Transformation.run(Promise.scala:467)
	at java.util.concurrent.ThreadPoolExecutor.runWorker(ThreadPoolExecutor.java:1136)
	at java.util.concurrent.ThreadPoolExecutor$Worker.run(ThreadPoolExecutor.java:635)
	at java.lang.Thread.run(Thread.java:840)
[0m
2024.05.13 19:35:46 WARN  no build target for: /home/andresuv/cuartoSemestre/PFC/proyecto/proyectocode/proyectofinal/src/test/scala/pruebas.worksheet.sc[0m
[31merror[39m: proyectofinal/src/test/scala/pruebas.worksheet.sc:126:1: } expected but end of file found

^
2024.05.13 19:35:46 INFO  time: evaluated worksheet 'pruebas.worksheet.sc' in 0.15s[0m
May 13, 2024 7:36:19 PM org.eclipse.lsp4j.jsonrpc.RemoteEndpoint handleCancellation
WARNING: Unmatched cancel notification for request id 2468
2024.05.13 19:36:31 ERROR Failed to tokenize input for semantic tokens for /home/andresuv/cuartoSemestre/PFC/proyecto/proyectocode/proyectofinal/src/test/scala/pruebas.worksheet.sc
scala.meta.tokenizers.TokenizeException: <input>:92: error: unclosed comment
     /* for {
     ^
	at scala.meta.internal.tokenizers.Reporter.incompleteInputError(Reporter.scala:27)
	at scala.meta.internal.tokenizers.Reporter.incompleteInputError$(Reporter.scala:26)
	at scala.meta.internal.tokenizers.Reporter$$anon$1.incompleteInputError(Reporter.scala:33)
	at scala.meta.internal.tokenizers.Reporter.incompleteInputError(Reporter.scala:29)
	at scala.meta.internal.tokenizers.Reporter.incompleteInputError$(Reporter.scala:29)
	at scala.meta.internal.tokenizers.Reporter$$anon$1.incompleteInputError(Reporter.scala:33)
	at scala.meta.internal.tokenizers.LegacyScanner.skipNestedComments(LegacyScanner.scala:55)
	at scala.meta.internal.tokenizers.LegacyScanner.skipToCommentEnd(LegacyScanner.scala:74)
	at scala.meta.internal.tokenizers.LegacyScanner.fetchToken(LegacyScanner.scala:316)
	at scala.meta.internal.tokenizers.LegacyScanner.nextToken(LegacyScanner.scala:214)
	at scala.meta.internal.tokenizers.LegacyScanner.foreach(LegacyScanner.scala:982)
	at scala.meta.internal.tokenizers.ScalametaTokenizer.uncachedTokenize(ScalametaTokenizer.scala:23)
	at scala.meta.internal.tokenizers.ScalametaTokenizer.$anonfun$tokenize$1(ScalametaTokenizer.scala:16)
	at scala.collection.concurrent.TrieMap.getOrElseUpdate(TrieMap.scala:960)
	at scala.meta.internal.tokenizers.ScalametaTokenizer.tokenize(ScalametaTokenizer.scala:16)
	at scala.meta.internal.tokenizers.ScalametaTokenizer$$anon$2.apply(ScalametaTokenizer.scala:331)
	at scala.meta.tokenizers.Api$XtensionTokenizeDialectInput.tokenize(Api.scala:25)
	at scala.meta.tokenizers.Api$XtensionTokenizeInputLike.tokenize(Api.scala:14)
	at scala.meta.internal.metals.SemanticTokensProvider$.getTokens(SemanticTokensProvider.scala:28)
	at scala.meta.internal.metals.SemanticTokensProvider$.provide(SemanticTokensProvider.scala:89)
	at scala.meta.internal.metals.Compilers.$anonfun$semanticTokens$3(Compilers.scala:597)
	at scala.concurrent.impl.Promise$Transformation.run(Promise.scala:467)
	at java.util.concurrent.ThreadPoolExecutor.runWorker(ThreadPoolExecutor.java:1136)
	at java.util.concurrent.ThreadPoolExecutor$Worker.run(ThreadPoolExecutor.java:635)
	at java.lang.Thread.run(Thread.java:840)
[0m
2024.05.13 19:36:50 ERROR Failed to tokenize input for semantic tokens for /home/andresuv/cuartoSemestre/PFC/proyecto/proyectocode/proyectofinal/src/test/scala/pruebas.worksheet.sc
scala.meta.tokenizers.TokenizeException: <input>:92: error: unclosed comment
      /*for {
      ^
	at scala.meta.internal.tokenizers.Reporter.incompleteInputError(Reporter.scala:27)
	at scala.meta.internal.tokenizers.Reporter.incompleteInputError$(Reporter.scala:26)
	at scala.meta.internal.tokenizers.Reporter$$anon$1.incompleteInputError(Reporter.scala:33)
	at scala.meta.internal.tokenizers.Reporter.incompleteInputError(Reporter.scala:29)
	at scala.meta.internal.tokenizers.Reporter.incompleteInputError$(Reporter.scala:29)
	at scala.meta.internal.tokenizers.Reporter$$anon$1.incompleteInputError(Reporter.scala:33)
	at scala.meta.internal.tokenizers.LegacyScanner.skipNestedComments(LegacyScanner.scala:55)
	at scala.meta.internal.tokenizers.LegacyScanner.skipToCommentEnd(LegacyScanner.scala:74)
	at scala.meta.internal.tokenizers.LegacyScanner.fetchToken(LegacyScanner.scala:316)
	at scala.meta.internal.tokenizers.LegacyScanner.nextToken(LegacyScanner.scala:214)
	at scala.meta.internal.tokenizers.LegacyScanner.foreach(LegacyScanner.scala:982)
	at scala.meta.internal.tokenizers.ScalametaTokenizer.uncachedTokenize(ScalametaTokenizer.scala:23)
	at scala.meta.internal.tokenizers.ScalametaTokenizer.$anonfun$tokenize$1(ScalametaTokenizer.scala:16)
	at scala.collection.concurrent.TrieMap.getOrElseUpdate(TrieMap.scala:960)
	at scala.meta.internal.tokenizers.ScalametaTokenizer.tokenize(ScalametaTokenizer.scala:16)
	at scala.meta.internal.tokenizers.ScalametaTokenizer$$anon$2.apply(ScalametaTokenizer.scala:331)
	at scala.meta.tokenizers.Api$XtensionTokenizeDialectInput.tokenize(Api.scala:25)
	at scala.meta.tokenizers.Api$XtensionTokenizeInputLike.tokenize(Api.scala:14)
	at scala.meta.internal.metals.SemanticTokensProvider$.getTokens(SemanticTokensProvider.scala:28)
	at scala.meta.internal.metals.SemanticTokensProvider$.provide(SemanticTokensProvider.scala:89)
	at scala.meta.internal.metals.Compilers.$anonfun$semanticTokens$3(Compilers.scala:597)
	at scala.concurrent.impl.Promise$Transformation.run(Promise.scala:467)
	at java.util.concurrent.ThreadPoolExecutor.runWorker(ThreadPoolExecutor.java:1136)
	at java.util.concurrent.ThreadPoolExecutor$Worker.run(ThreadPoolExecutor.java:635)
	at java.lang.Thread.run(Thread.java:840)
[0m
2024.05.13 19:36:53 ERROR Failed to tokenize input for semantic tokens for /home/andresuv/cuartoSemestre/PFC/proyecto/proyectocode/proyectofinal/src/test/scala/pruebas.worksheet.sc
scala.meta.tokenizers.TokenizeException: <input>:92: error: unclosed comment
      /*for {
      ^
	at scala.meta.internal.tokenizers.Reporter.incompleteInputError(Reporter.scala:27)
	at scala.meta.internal.tokenizers.Reporter.incompleteInputError$(Reporter.scala:26)
	at scala.meta.internal.tokenizers.Reporter$$anon$1.incompleteInputError(Reporter.scala:33)
	at scala.meta.internal.tokenizers.Reporter.incompleteInputError(Reporter.scala:29)
	at scala.meta.internal.tokenizers.Reporter.incompleteInputError$(Reporter.scala:29)
	at scala.meta.internal.tokenizers.Reporter$$anon$1.incompleteInputError(Reporter.scala:33)
	at scala.meta.internal.tokenizers.LegacyScanner.skipNestedComments(LegacyScanner.scala:55)
	at scala.meta.internal.tokenizers.LegacyScanner.skipToCommentEnd(LegacyScanner.scala:74)
	at scala.meta.internal.tokenizers.LegacyScanner.fetchToken(LegacyScanner.scala:316)
	at scala.meta.internal.tokenizers.LegacyScanner.nextToken(LegacyScanner.scala:214)
	at scala.meta.internal.tokenizers.LegacyScanner.foreach(LegacyScanner.scala:982)
	at scala.meta.internal.tokenizers.ScalametaTokenizer.uncachedTokenize(ScalametaTokenizer.scala:23)
	at scala.meta.internal.tokenizers.ScalametaTokenizer.$anonfun$tokenize$1(ScalametaTokenizer.scala:16)
	at scala.collection.concurrent.TrieMap.getOrElseUpdate(TrieMap.scala:960)
	at scala.meta.internal.tokenizers.ScalametaTokenizer.tokenize(ScalametaTokenizer.scala:16)
	at scala.meta.internal.tokenizers.ScalametaTokenizer$$anon$2.apply(ScalametaTokenizer.scala:331)
	at scala.meta.tokenizers.Api$XtensionTokenizeDialectInput.tokenize(Api.scala:25)
	at scala.meta.tokenizers.Api$XtensionTokenizeInputLike.tokenize(Api.scala:14)
	at scala.meta.internal.metals.SemanticTokensProvider$.getTokens(SemanticTokensProvider.scala:28)
	at scala.meta.internal.metals.SemanticTokensProvider$.provide(SemanticTokensProvider.scala:89)
	at scala.meta.internal.metals.Compilers.$anonfun$semanticTokens$3(Compilers.scala:597)
	at scala.concurrent.impl.Promise$Transformation.run(Promise.scala:467)
	at java.util.concurrent.ThreadPoolExecutor.runWorker(ThreadPoolExecutor.java:1136)
	at java.util.concurrent.ThreadPoolExecutor$Worker.run(ThreadPoolExecutor.java:635)
	at java.lang.Thread.run(Thread.java:840)
[0m
2024.05.13 19:37:06 WARN  no build target for: /home/andresuv/cuartoSemestre/PFC/proyecto/proyectocode/proyectofinal/src/test/scala/pruebas.worksheet.sc[0m
2024.05.13 19:37:06 INFO  time: evaluated worksheet 'pruebas.worksheet.sc' in 0.45s[0m
2024.05.13 19:39:41 WARN  no build target for: /home/andresuv/cuartoSemestre/PFC/proyecto/proyectocode/proyectofinal/src/test/scala/pruebas.worksheet.sc[0m
[31merror[39m: proyectofinal/src/test/scala/pruebas.worksheet.sc:105:17: 
Found:    Unit
Required: List[MdocApp.this.Vuelo]
Maybe you are missing an else part for the conditional?
        case l=>if(l.head.Dst==cod1) l
                ^^^^^^^^^^^^^^^^^^^^^^
2024.05.13 19:39:41 INFO  time: evaluated worksheet 'pruebas.worksheet.sc' in 0.23s[0m
2024.05.13 19:40:19 WARN  no build target for: /home/andresuv/cuartoSemestre/PFC/proyecto/proyectocode/proyectofinal/src/test/scala/pruebas.worksheet.sc[0m
2024.05.13 19:40:19 INFO  time: evaluated worksheet 'pruebas.worksheet.sc' in 0.48s[0m
2024.05.13 19:41:00 WARN  no build target for: /home/andresuv/cuartoSemestre/PFC/proyecto/proyectocode/proyectofinal/src/test/scala/pruebas.worksheet.sc[0m
2024.05.13 19:41:00 INFO  time: evaluated worksheet 'pruebas.worksheet.sc' in 0.41s[0m
2024.05.13 19:41:36 ERROR Failed to tokenize input for semantic tokens for /home/andresuv/cuartoSemestre/PFC/proyecto/proyectocode/proyectofinal/src/test/scala/pruebas.worksheet.sc
scala.meta.tokenizers.TokenizeException: <input>:95: error: unclosed comment
       /*   vuelos_cod2.flatMap { vuelo =>
       ^
	at scala.meta.internal.tokenizers.Reporter.incompleteInputError(Reporter.scala:27)
	at scala.meta.internal.tokenizers.Reporter.incompleteInputError$(Reporter.scala:26)
	at scala.meta.internal.tokenizers.Reporter$$anon$1.incompleteInputError(Reporter.scala:33)
	at scala.meta.internal.tokenizers.Reporter.incompleteInputError(Reporter.scala:29)
	at scala.meta.internal.tokenizers.Reporter.incompleteInputError$(Reporter.scala:29)
	at scala.meta.internal.tokenizers.Reporter$$anon$1.incompleteInputError(Reporter.scala:33)
	at scala.meta.internal.tokenizers.LegacyScanner.skipNestedComments(LegacyScanner.scala:55)
	at scala.meta.internal.tokenizers.LegacyScanner.skipToCommentEnd(LegacyScanner.scala:74)
	at scala.meta.internal.tokenizers.LegacyScanner.fetchToken(LegacyScanner.scala:316)
	at scala.meta.internal.tokenizers.LegacyScanner.nextToken(LegacyScanner.scala:214)
	at scala.meta.internal.tokenizers.LegacyScanner.foreach(LegacyScanner.scala:982)
	at scala.meta.internal.tokenizers.ScalametaTokenizer.uncachedTokenize(ScalametaTokenizer.scala:23)
	at scala.meta.internal.tokenizers.ScalametaTokenizer.$anonfun$tokenize$1(ScalametaTokenizer.scala:16)
	at scala.collection.concurrent.TrieMap.getOrElseUpdate(TrieMap.scala:960)
	at scala.meta.internal.tokenizers.ScalametaTokenizer.tokenize(ScalametaTokenizer.scala:16)
	at scala.meta.internal.tokenizers.ScalametaTokenizer$$anon$2.apply(ScalametaTokenizer.scala:331)
	at scala.meta.tokenizers.Api$XtensionTokenizeDialectInput.tokenize(Api.scala:25)
	at scala.meta.tokenizers.Api$XtensionTokenizeInputLike.tokenize(Api.scala:14)
	at scala.meta.internal.metals.SemanticTokensProvider$.getTokens(SemanticTokensProvider.scala:28)
	at scala.meta.internal.metals.SemanticTokensProvider$.provide(SemanticTokensProvider.scala:89)
	at scala.meta.internal.metals.Compilers.$anonfun$semanticTokens$3(Compilers.scala:597)
	at scala.concurrent.impl.Promise$Transformation.run(Promise.scala:467)
	at java.util.concurrent.ThreadPoolExecutor.runWorker(ThreadPoolExecutor.java:1136)
	at java.util.concurrent.ThreadPoolExecutor$Worker.run(ThreadPoolExecutor.java:635)
	at java.lang.Thread.run(Thread.java:840)
[0m
2024.05.13 19:41:40 WARN  no build target for: /home/andresuv/cuartoSemestre/PFC/proyecto/proyectocode/proyectofinal/src/test/scala/pruebas.worksheet.sc[0m
2024.05.13 19:41:40 INFO  time: evaluated worksheet 'pruebas.worksheet.sc' in 0.45s[0m
2024.05.13 19:44:27 ERROR Failed to tokenize input for semantic tokens for /home/andresuv/cuartoSemestre/PFC/proyecto/proyectocode/proyectofinal/src/test/scala/pruebas.worksheet.sc
scala.meta.tokenizers.TokenizeException: <input>:87: error: unclosed comment
     /* val vuelos_cod2 = for {
     ^
	at scala.meta.internal.tokenizers.Reporter.incompleteInputError(Reporter.scala:27)
	at scala.meta.internal.tokenizers.Reporter.incompleteInputError$(Reporter.scala:26)
	at scala.meta.internal.tokenizers.Reporter$$anon$1.incompleteInputError(Reporter.scala:33)
	at scala.meta.internal.tokenizers.Reporter.incompleteInputError(Reporter.scala:29)
	at scala.meta.internal.tokenizers.Reporter.incompleteInputError$(Reporter.scala:29)
	at scala.meta.internal.tokenizers.Reporter$$anon$1.incompleteInputError(Reporter.scala:33)
	at scala.meta.internal.tokenizers.LegacyScanner.skipNestedComments(LegacyScanner.scala:55)
	at scala.meta.internal.tokenizers.LegacyScanner.skipToCommentEnd(LegacyScanner.scala:74)
	at scala.meta.internal.tokenizers.LegacyScanner.fetchToken(LegacyScanner.scala:316)
	at scala.meta.internal.tokenizers.LegacyScanner.nextToken(LegacyScanner.scala:214)
	at scala.meta.internal.tokenizers.LegacyScanner.foreach(LegacyScanner.scala:982)
	at scala.meta.internal.tokenizers.ScalametaTokenizer.uncachedTokenize(ScalametaTokenizer.scala:23)
	at scala.meta.internal.tokenizers.ScalametaTokenizer.$anonfun$tokenize$1(ScalametaTokenizer.scala:16)
	at scala.collection.concurrent.TrieMap.getOrElseUpdate(TrieMap.scala:960)
	at scala.meta.internal.tokenizers.ScalametaTokenizer.tokenize(ScalametaTokenizer.scala:16)
	at scala.meta.internal.tokenizers.ScalametaTokenizer$$anon$2.apply(ScalametaTokenizer.scala:331)
	at scala.meta.tokenizers.Api$XtensionTokenizeDialectInput.tokenize(Api.scala:25)
	at scala.meta.tokenizers.Api$XtensionTokenizeInputLike.tokenize(Api.scala:14)
	at scala.meta.internal.metals.SemanticTokensProvider$.getTokens(SemanticTokensProvider.scala:28)
	at scala.meta.internal.metals.SemanticTokensProvider$.provide(SemanticTokensProvider.scala:89)
	at scala.meta.internal.metals.Compilers.$anonfun$semanticTokens$3(Compilers.scala:597)
	at scala.concurrent.impl.Promise$Transformation.run(Promise.scala:467)
	at java.util.concurrent.ThreadPoolExecutor.runWorker(ThreadPoolExecutor.java:1136)
	at java.util.concurrent.ThreadPoolExecutor$Worker.run(ThreadPoolExecutor.java:635)
	at java.lang.Thread.run(Thread.java:840)
[0m
May 13, 2024 7:49:21 PM org.eclipse.lsp4j.jsonrpc.RemoteEndpoint handleCancellation
WARNING: Unmatched cancel notification for request id 4085
2024.05.13 19:49:24 WARN  no build target for: /home/andresuv/cuartoSemestre/PFC/proyecto/proyectocode/proyectofinal/src/test/scala/pruebas.worksheet.sc[0m
[31merror[39m: proyectofinal/src/test/scala/pruebas.worksheet.sc:99:7: case expected but } found
      }
      ^
2024.05.13 19:49:24 INFO  time: evaluated worksheet 'pruebas.worksheet.sc' in 0.2s[0m
2024.05.13 19:49:43 WARN  no build target for: /home/andresuv/cuartoSemestre/PFC/proyecto/proyectocode/proyectofinal/src/test/scala/pruebas.worksheet.sc[0m
[31merror[39m: proyectofinal/src/test/scala/pruebas.worksheet.sc:99:7: case expected but } found
      }
      ^
2024.05.13 19:49:43 INFO  time: evaluated worksheet 'pruebas.worksheet.sc' in 0.11s[0m
May 13, 2024 7:50:01 PM org.eclipse.lsp4j.jsonrpc.RemoteEndpoint handleCancellation
WARNING: Unmatched cancel notification for request id 4148
2024.05.13 19:50:20 WARN  no build target for: /home/andresuv/cuartoSemestre/PFC/proyecto/proyectocode/proyectofinal/src/test/scala/pruebas.worksheet.sc[0m
[31merror[39m: proyectofinal/src/test/scala/pruebas.worksheet.sc:99:7: case expected but } found
      }
      ^
2024.05.13 19:50:20 INFO  time: evaluated worksheet 'pruebas.worksheet.sc' in 0.13s[0m
2024.05.13 19:50:47 WARN  no build target for: /home/andresuv/cuartoSemestre/PFC/proyecto/proyectocode/proyectofinal/src/test/scala/pruebas.worksheet.sc[0m
[31merror[39m: proyectofinal/src/test/scala/pruebas.worksheet.sc:92:53: 
Could not infer type for parameter x$1 of anonymous function

In expanded function:
x$1 =>
  x$1 match
    {
      case l =>
        if (l.head.Org == cod1) l else Nil
    }

Expected type for the whole anonymous function: Int
    vuelos_cod2 map(vuelo=>formarIt(vuelo, vuelos) {case l=> if (l.head.Org == cod1) l else Nil})
                                                    ^
2024.05.13 19:50:48 INFO  time: evaluated worksheet 'pruebas.worksheet.sc' in 0.17s[0m
2024.05.13 19:51:07 WARN  no build target for: /home/andresuv/cuartoSemestre/PFC/proyecto/proyectocode/proyectofinal/src/test/scala/pruebas.worksheet.sc[0m
2024.05.13 19:51:07 INFO  time: evaluated worksheet 'pruebas.worksheet.sc' in 0.33s[0m
2024.05.13 19:52:41 WARN  no build target for: /home/andresuv/cuartoSemestre/PFC/proyecto/proyectocode/proyectofinal/src/test/scala/pruebas.worksheet.sc[0m
2024.05.13 19:52:41 INFO  time: evaluated worksheet 'pruebas.worksheet.sc' in 0.4s[0m
2024.05.13 19:53:27 WARN  no build target for: /home/andresuv/cuartoSemestre/PFC/proyecto/proyectocode/proyectofinal/src/test/scala/pruebas.worksheet.sc[0m
2024.05.13 19:53:27 INFO  time: evaluated worksheet 'pruebas.worksheet.sc' in 0.35s[0m
2024.05.13 19:54:19 ERROR Failed to tokenize input for semantic tokens for /home/andresuv/cuartoSemestre/PFC/proyecto/proyectocode/proyectofinal/src/test/scala/pruebas.worksheet.sc
scala.meta.tokenizers.TokenizeException: <input>:87: error: unclosed comment
     /*val vuelos_cod2 = for {
     ^
	at scala.meta.internal.tokenizers.Reporter.incompleteInputError(Reporter.scala:27)
	at scala.meta.internal.tokenizers.Reporter.incompleteInputError$(Reporter.scala:26)
	at scala.meta.internal.tokenizers.Reporter$$anon$1.incompleteInputError(Reporter.scala:33)
	at scala.meta.internal.tokenizers.Reporter.incompleteInputError(Reporter.scala:29)
	at scala.meta.internal.tokenizers.Reporter.incompleteInputError$(Reporter.scala:29)
	at scala.meta.internal.tokenizers.Reporter$$anon$1.incompleteInputError(Reporter.scala:33)
	at scala.meta.internal.tokenizers.LegacyScanner.skipNestedComments(LegacyScanner.scala:55)
	at scala.meta.internal.tokenizers.LegacyScanner.skipToCommentEnd(LegacyScanner.scala:74)
	at scala.meta.internal.tokenizers.LegacyScanner.fetchToken(LegacyScanner.scala:316)
	at scala.meta.internal.tokenizers.LegacyScanner.nextToken(LegacyScanner.scala:214)
	at scala.meta.internal.tokenizers.LegacyScanner.foreach(LegacyScanner.scala:982)
	at scala.meta.internal.tokenizers.ScalametaTokenizer.uncachedTokenize(ScalametaTokenizer.scala:23)
	at scala.meta.internal.tokenizers.ScalametaTokenizer.$anonfun$tokenize$1(ScalametaTokenizer.scala:16)
	at scala.collection.concurrent.TrieMap.getOrElseUpdate(TrieMap.scala:960)
	at scala.meta.internal.tokenizers.ScalametaTokenizer.tokenize(ScalametaTokenizer.scala:16)
	at scala.meta.internal.tokenizers.ScalametaTokenizer$$anon$2.apply(ScalametaTokenizer.scala:331)
	at scala.meta.tokenizers.Api$XtensionTokenizeDialectInput.tokenize(Api.scala:25)
	at scala.meta.tokenizers.Api$XtensionTokenizeInputLike.tokenize(Api.scala:14)
	at scala.meta.internal.metals.SemanticTokensProvider$.getTokens(SemanticTokensProvider.scala:28)
	at scala.meta.internal.metals.SemanticTokensProvider$.provide(SemanticTokensProvider.scala:89)
	at scala.meta.internal.metals.Compilers.$anonfun$semanticTokens$3(Compilers.scala:597)
	at scala.concurrent.impl.Promise$Transformation.run(Promise.scala:467)
	at java.util.concurrent.ThreadPoolExecutor.runWorker(ThreadPoolExecutor.java:1136)
	at java.util.concurrent.ThreadPoolExecutor$Worker.run(ThreadPoolExecutor.java:635)
	at java.lang.Thread.run(Thread.java:840)
[0m
2024.05.13 19:54:24 WARN  no build target for: /home/andresuv/cuartoSemestre/PFC/proyecto/proyectocode/proyectofinal/src/test/scala/pruebas.worksheet.sc[0m
2024.05.13 19:54:24 INFO  time: evaluated worksheet 'pruebas.worksheet.sc' in 0.31s[0m
2024.05.13 19:55:24 ERROR Failed to tokenize input for semantic tokens for /home/andresuv/cuartoSemestre/PFC/proyecto/proyectocode/proyectofinal/src/test/scala/pruebas.worksheet.sc
scala.meta.tokenizers.TokenizeException: <input>:87: error: unclosed comment
     /*val vuelos_cod2 = for {
     ^
	at scala.meta.internal.tokenizers.Reporter.incompleteInputError(Reporter.scala:27)
	at scala.meta.internal.tokenizers.Reporter.incompleteInputError$(Reporter.scala:26)
	at scala.meta.internal.tokenizers.Reporter$$anon$1.incompleteInputError(Reporter.scala:33)
	at scala.meta.internal.tokenizers.Reporter.incompleteInputError(Reporter.scala:29)
	at scala.meta.internal.tokenizers.Reporter.incompleteInputError$(Reporter.scala:29)
	at scala.meta.internal.tokenizers.Reporter$$anon$1.incompleteInputError(Reporter.scala:33)
	at scala.meta.internal.tokenizers.LegacyScanner.skipNestedComments(LegacyScanner.scala:55)
	at scala.meta.internal.tokenizers.LegacyScanner.skipToCommentEnd(LegacyScanner.scala:74)
	at scala.meta.internal.tokenizers.LegacyScanner.fetchToken(LegacyScanner.scala:316)
	at scala.meta.internal.tokenizers.LegacyScanner.nextToken(LegacyScanner.scala:214)
	at scala.meta.internal.tokenizers.LegacyScanner.foreach(LegacyScanner.scala:982)
	at scala.meta.internal.tokenizers.ScalametaTokenizer.uncachedTokenize(ScalametaTokenizer.scala:23)
	at scala.meta.internal.tokenizers.ScalametaTokenizer.$anonfun$tokenize$1(ScalametaTokenizer.scala:16)
	at scala.collection.concurrent.TrieMap.getOrElseUpdate(TrieMap.scala:960)
	at scala.meta.internal.tokenizers.ScalametaTokenizer.tokenize(ScalametaTokenizer.scala:16)
	at scala.meta.internal.tokenizers.ScalametaTokenizer$$anon$2.apply(ScalametaTokenizer.scala:331)
	at scala.meta.tokenizers.Api$XtensionTokenizeDialectInput.tokenize(Api.scala:25)
	at scala.meta.tokenizers.Api$XtensionTokenizeInputLike.tokenize(Api.scala:14)
	at scala.meta.internal.metals.SemanticTokensProvider$.getTokens(SemanticTokensProvider.scala:28)
	at scala.meta.internal.metals.SemanticTokensProvider$.provide(SemanticTokensProvider.scala:89)
	at scala.meta.internal.metals.Compilers.$anonfun$semanticTokens$3(Compilers.scala:597)
	at scala.concurrent.impl.Promise$Transformation.run(Promise.scala:467)
	at java.util.concurrent.ThreadPoolExecutor.runWorker(ThreadPoolExecutor.java:1136)
	at java.util.concurrent.ThreadPoolExecutor$Worker.run(ThreadPoolExecutor.java:635)
	at java.lang.Thread.run(Thread.java:840)
[0m
May 13, 2024 7:55:25 PM org.eclipse.lsp4j.jsonrpc.RemoteEndpoint handleCancellation
WARNING: Unmatched cancel notification for request id 4552
2024.05.13 19:56:48 WARN  no build target for: /home/andresuv/cuartoSemestre/PFC/proyecto/proyectocode/proyectofinal/src/test/scala/pruebas.worksheet.sc[0m
2024.05.13 19:56:48 INFO  time: evaluated worksheet 'pruebas.worksheet.sc' in 0.35s[0m
2024.05.13 19:56:52 WARN  no build target for: /home/andresuv/cuartoSemestre/PFC/proyecto/proyectocode/proyectofinal/src/test/scala/pruebas.worksheet.sc[0m
2024.05.13 19:56:53 INFO  time: evaluated worksheet 'pruebas.worksheet.sc' in 0.31s[0m
2024.05.13 19:57:09 ERROR Failed to tokenize input for semantic tokens for /home/andresuv/cuartoSemestre/PFC/proyecto/proyectocode/proyectofinal/src/test/scala/pruebas.worksheet.sc
scala.meta.tokenizers.TokenizeException: <input>:87: error: unclosed comment
     /*val vuelos_cod2 = for {
     ^
	at scala.meta.internal.tokenizers.Reporter.incompleteInputError(Reporter.scala:27)
	at scala.meta.internal.tokenizers.Reporter.incompleteInputError$(Reporter.scala:26)
	at scala.meta.internal.tokenizers.Reporter$$anon$1.incompleteInputError(Reporter.scala:33)
	at scala.meta.internal.tokenizers.Reporter.incompleteInputError(Reporter.scala:29)
	at scala.meta.internal.tokenizers.Reporter.incompleteInputError$(Reporter.scala:29)
	at scala.meta.internal.tokenizers.Reporter$$anon$1.incompleteInputError(Reporter.scala:33)
	at scala.meta.internal.tokenizers.LegacyScanner.skipNestedComments(LegacyScanner.scala:55)
	at scala.meta.internal.tokenizers.LegacyScanner.skipToCommentEnd(LegacyScanner.scala:74)
	at scala.meta.internal.tokenizers.LegacyScanner.fetchToken(LegacyScanner.scala:316)
	at scala.meta.internal.tokenizers.LegacyScanner.nextToken(LegacyScanner.scala:214)
	at scala.meta.internal.tokenizers.LegacyScanner.foreach(LegacyScanner.scala:982)
	at scala.meta.internal.tokenizers.ScalametaTokenizer.uncachedTokenize(ScalametaTokenizer.scala:23)
	at scala.meta.internal.tokenizers.ScalametaTokenizer.$anonfun$tokenize$1(ScalametaTokenizer.scala:16)
	at scala.collection.concurrent.TrieMap.getOrElseUpdate(TrieMap.scala:960)
	at scala.meta.internal.tokenizers.ScalametaTokenizer.tokenize(ScalametaTokenizer.scala:16)
	at scala.meta.internal.tokenizers.ScalametaTokenizer$$anon$2.apply(ScalametaTokenizer.scala:331)
	at scala.meta.tokenizers.Api$XtensionTokenizeDialectInput.tokenize(Api.scala:25)
	at scala.meta.tokenizers.Api$XtensionTokenizeInputLike.tokenize(Api.scala:14)
	at scala.meta.internal.metals.SemanticTokensProvider$.getTokens(SemanticTokensProvider.scala:28)
	at scala.meta.internal.metals.SemanticTokensProvider$.provide(SemanticTokensProvider.scala:89)
	at scala.meta.internal.metals.Compilers.$anonfun$semanticTokens$3(Compilers.scala:597)
	at scala.concurrent.impl.Promise$Transformation.run(Promise.scala:467)
	at java.util.concurrent.ThreadPoolExecutor.runWorker(ThreadPoolExecutor.java:1136)
	at java.util.concurrent.ThreadPoolExecutor$Worker.run(ThreadPoolExecutor.java:635)
	at java.lang.Thread.run(Thread.java:840)
[0m
2024.05.13 19:57:24 WARN  no build target for: /home/andresuv/cuartoSemestre/PFC/proyecto/proyectocode/proyectofinal/src/test/scala/pruebas.worksheet.sc[0m
2024.05.13 19:57:25 INFO  time: evaluated worksheet 'pruebas.worksheet.sc' in 0.34s[0m
2024.05.13 20:00:02 WARN  no build target for: /home/andresuv/cuartoSemestre/PFC/proyecto/proyectocode/proyectofinal/src/test/scala/pruebas.worksheet.sc[0m
2024.05.13 20:00:02 INFO  time: evaluated worksheet 'pruebas.worksheet.sc' in 0.26s[0m
2024.05.13 20:08:05 WARN  no build target for: /home/andresuv/cuartoSemestre/PFC/proyecto/proyectocode/proyectofinal/src/test/scala/pruebas.worksheet.sc[0m
2024.05.13 20:08:05 INFO  time: evaluated worksheet 'pruebas.worksheet.sc' in 0.28s[0m
2024.05.13 20:15:55 WARN  no build target for: /home/andresuv/cuartoSemestre/PFC/proyecto/proyectocode/proyectofinal/src/test/scala/pruebas.worksheet.sc[0m
2024.05.13 20:15:56 INFO  time: evaluated worksheet 'pruebas.worksheet.sc' in 0.25s[0m
2024.05.13 20:16:29 WARN  no build target for: /home/andresuv/cuartoSemestre/PFC/proyecto/proyectocode/proyectofinal/src/test/scala/pruebas.worksheet.sc[0m
2024.05.13 20:16:29 INFO  time: evaluated worksheet 'pruebas.worksheet.sc' in 0.24s[0m
May 13, 2024 8:18:01 PM org.eclipse.lsp4j.jsonrpc.RemoteEndpoint handleCancellation
WARNING: Unmatched cancel notification for request id 5289
2024.05.13 20:18:22 WARN  no build target for: /home/andresuv/cuartoSemestre/PFC/proyecto/proyectocode/proyectofinal/src/test/scala/pruebas.worksheet.sc[0m
2024.05.13 20:18:22 INFO  time: evaluated worksheet 'pruebas.worksheet.sc' in 0.23s[0m
2024.05.13 20:31:07 WARN  no build target for: /home/andresuv/cuartoSemestre/PFC/proyecto/proyectocode/proyectofinal/src/test/scala/pruebas.worksheet.sc[0m
[31merror[39m: proyectofinal/src/test/scala/pruebas.worksheet.sc:103:19: 
Not found: vuelos
val vuelos_cod2 = vuelos filter (vuelo => vuelo.Dst == cod2)
                  ^^^^^^
2024.05.13 20:31:07 INFO  time: evaluated worksheet 'pruebas.worksheet.sc' in 0.11s[0m
2024.05.13 20:31:13 ERROR Failed to tokenize input for semantic tokens for /home/andresuv/cuartoSemestre/PFC/proyecto/proyectocode/proyectofinal/src/test/scala/pruebas.worksheet.sc
scala.meta.tokenizers.TokenizeException: <input>:104: error: illegal character '\u00bf'
  val vuelos_cod2 = vuelsÂ¿os filter (vuelo => vuelo.Dst == cod2)
                         ^
	at scala.meta.internal.tokenizers.Reporter.syntaxError(Reporter.scala:23)
	at scala.meta.internal.tokenizers.Reporter.syntaxError$(Reporter.scala:23)
	at scala.meta.internal.tokenizers.Reporter$$anon$1.syntaxError(Reporter.scala:33)
	at scala.meta.internal.tokenizers.Reporter.syntaxError(Reporter.scala:25)
	at scala.meta.internal.tokenizers.Reporter.syntaxError$(Reporter.scala:25)
	at scala.meta.internal.tokenizers.Reporter$$anon$1.syntaxError(Reporter.scala:33)
	at scala.meta.internal.tokenizers.LegacyScanner.fetchOther$1(LegacyScanner.scala:476)
	at scala.meta.internal.tokenizers.LegacyScanner.fetchToken(LegacyScanner.scala:481)
	at scala.meta.internal.tokenizers.LegacyScanner.nextToken(LegacyScanner.scala:214)
	at scala.meta.internal.tokenizers.LegacyScanner.foreach(LegacyScanner.scala:982)
	at scala.meta.internal.tokenizers.ScalametaTokenizer.uncachedTokenize(ScalametaTokenizer.scala:23)
	at scala.meta.internal.tokenizers.ScalametaTokenizer.$anonfun$tokenize$1(ScalametaTokenizer.scala:16)
	at scala.collection.concurrent.TrieMap.getOrElseUpdate(TrieMap.scala:960)
	at scala.meta.internal.tokenizers.ScalametaTokenizer.tokenize(ScalametaTokenizer.scala:16)
	at scala.meta.internal.tokenizers.ScalametaTokenizer$$anon$2.apply(ScalametaTokenizer.scala:331)
	at scala.meta.tokenizers.Api$XtensionTokenizeDialectInput.tokenize(Api.scala:25)
	at scala.meta.tokenizers.Api$XtensionTokenizeInputLike.tokenize(Api.scala:14)
	at scala.meta.internal.metals.SemanticTokensProvider$.getTokens(SemanticTokensProvider.scala:28)
	at scala.meta.internal.metals.SemanticTokensProvider$.provide(SemanticTokensProvider.scala:89)
	at scala.meta.internal.metals.Compilers.$anonfun$semanticTokens$3(Compilers.scala:597)
	at scala.concurrent.impl.Promise$Transformation.run(Promise.scala:467)
	at java.util.concurrent.ThreadPoolExecutor.runWorker(ThreadPoolExecutor.java:1136)
	at java.util.concurrent.ThreadPoolExecutor$Worker.run(ThreadPoolExecutor.java:635)
	at java.lang.Thread.run(Thread.java:840)
[0m
2024.05.13 20:31:17 WARN  no build target for: /home/andresuv/cuartoSemestre/PFC/proyecto/proyectocode/proyectofinal/src/test/scala/pruebas.worksheet.sc[0m
[31merror[39m: proyectofinal/src/test/scala/pruebas.worksheet.sc:103:61: 
Not found: cod2
val vuelos_cod2 = vuelosCurso filter (vuelo => vuelo.Dst == cod2)
                                                            ^^^^
2024.05.13 20:31:17 INFO  time: evaluated worksheet 'pruebas.worksheet.sc' in 0.11s[0m
2024.05.13 20:31:33 WARN  no build target for: /home/andresuv/cuartoSemestre/PFC/proyecto/proyectocode/proyectofinal/src/test/scala/pruebas.worksheet.sc[0m
2024.05.13 20:31:33 INFO  time: evaluated worksheet 'pruebas.worksheet.sc' in 0.31s[0m
2024.05.13 20:42:19 WARN  no build target for: /home/andresuv/cuartoSemestre/PFC/proyecto/proyectocode/proyectofinal/src/test/scala/pruebas.worksheet.sc[0m
2024.05.13 20:42:19 INFO  time: evaluated worksheet 'pruebas.worksheet.sc' in 0.29s[0m
2024.05.13 20:45:43 WARN  no build target for: /home/andresuv/cuartoSemestre/PFC/proyecto/proyectocode/proyectofinal/src/test/scala/pruebas.worksheet.sc[0m
2024.05.13 20:45:43 INFO  time: evaluated worksheet 'pruebas.worksheet.sc' in 0.29s[0m
2024.05.13 20:48:42 WARN  no build target for: /home/andresuv/cuartoSemestre/PFC/proyecto/proyectocode/proyectofinal/src/test/scala/pruebas.worksheet.sc[0m
2024.05.13 20:48:42 INFO  time: evaluated worksheet 'pruebas.worksheet.sc' in 0.29s[0m
2024.05.13 20:49:30 WARN  no build target for: /home/andresuv/cuartoSemestre/PFC/proyecto/proyectocode/proyectofinal/src/test/scala/pruebas.worksheet.sc[0m
2024.05.13 20:49:31 INFO  time: evaluated worksheet 'pruebas.worksheet.sc' in 0.28s[0m
2024.05.13 21:39:26 WARN  no build target for: /home/andresuv/cuartoSemestre/PFC/proyecto/proyectocode/proyectofinal/src/test/scala/pruebas.worksheet.sc[0m
[31merror[39m: proyectofinal/src/test/scala/pruebas.worksheet.sc:85:1: illegal start of simple expression
}
^
2024.05.13 21:39:26 INFO  time: evaluated worksheet 'pruebas.worksheet.sc' in 0.11s[0m
May 13, 2024 9:39:51 PM org.eclipse.lsp4j.jsonrpc.RemoteEndpoint handleCancellation
WARNING: Unmatched cancel notification for request id 7450
2024.05.13 21:40:22 WARN  no build target for: /home/andresuv/cuartoSemestre/PFC/proyecto/proyectocode/proyectofinal/src/test/scala/pruebas.worksheet.sc[0m
[31merror[39m: proyectofinal/src/test/scala/pruebas.worksheet.sc:85:1: illegal start of simple expression
}
^
2024.05.13 21:40:22 INFO  time: evaluated worksheet 'pruebas.worksheet.sc' in 0.1s[0m
2024.05.13 21:40:31 WARN  no build target for: /home/andresuv/cuartoSemestre/PFC/proyecto/proyectocode/proyectofinal/src/test/scala/pruebas.worksheet.sc[0m
[31merror[39m: proyectofinal/src/test/scala/pruebas.worksheet.sc:85:1: illegal start of simple expression
}
^
2024.05.13 21:40:31 INFO  time: evaluated worksheet 'pruebas.worksheet.sc' in 0.11s[0m
2024.05.13 21:41:03 ERROR Failed to tokenize input for semantic tokens for /home/andresuv/cuartoSemestre/PFC/proyecto/proyectocode/proyectofinal/src/test/scala/pruebas.worksheet.sc
scala.meta.tokenizers.TokenizeException: <input>:81: error: unclosed comment
  /*def formarIt(vuelo:Vuelo,vuelos:List[Vuelo]):Itinerario={
  ^
	at scala.meta.internal.tokenizers.Reporter.incompleteInputError(Reporter.scala:27)
	at scala.meta.internal.tokenizers.Reporter.incompleteInputError$(Reporter.scala:26)
	at scala.meta.internal.tokenizers.Reporter$$anon$1.incompleteInputError(Reporter.scala:33)
	at scala.meta.internal.tokenizers.Reporter.incompleteInputError(Reporter.scala:29)
	at scala.meta.internal.tokenizers.Reporter.incompleteInputError$(Reporter.scala:29)
	at scala.meta.internal.tokenizers.Reporter$$anon$1.incompleteInputError(Reporter.scala:33)
	at scala.meta.internal.tokenizers.LegacyScanner.skipNestedComments(LegacyScanner.scala:55)
	at scala.meta.internal.tokenizers.LegacyScanner.skipToCommentEnd(LegacyScanner.scala:74)
	at scala.meta.internal.tokenizers.LegacyScanner.fetchToken(LegacyScanner.scala:316)
	at scala.meta.internal.tokenizers.LegacyScanner.nextToken(LegacyScanner.scala:214)
	at scala.meta.internal.tokenizers.LegacyScanner.foreach(LegacyScanner.scala:982)
	at scala.meta.internal.tokenizers.ScalametaTokenizer.uncachedTokenize(ScalametaTokenizer.scala:23)
	at scala.meta.internal.tokenizers.ScalametaTokenizer.$anonfun$tokenize$1(ScalametaTokenizer.scala:16)
	at scala.collection.concurrent.TrieMap.getOrElseUpdate(TrieMap.scala:960)
	at scala.meta.internal.tokenizers.ScalametaTokenizer.tokenize(ScalametaTokenizer.scala:16)
	at scala.meta.internal.tokenizers.ScalametaTokenizer$$anon$2.apply(ScalametaTokenizer.scala:331)
	at scala.meta.tokenizers.Api$XtensionTokenizeDialectInput.tokenize(Api.scala:25)
	at scala.meta.tokenizers.Api$XtensionTokenizeInputLike.tokenize(Api.scala:14)
	at scala.meta.internal.metals.SemanticTokensProvider$.getTokens(SemanticTokensProvider.scala:28)
	at scala.meta.internal.metals.SemanticTokensProvider$.provide(SemanticTokensProvider.scala:89)
	at scala.meta.internal.metals.Compilers.$anonfun$semanticTokens$3(Compilers.scala:597)
	at scala.concurrent.impl.Promise$Transformation.run(Promise.scala:467)
	at java.util.concurrent.ThreadPoolExecutor.runWorker(ThreadPoolExecutor.java:1136)
	at java.util.concurrent.ThreadPoolExecutor$Worker.run(ThreadPoolExecutor.java:635)
	at java.lang.Thread.run(Thread.java:840)
[0m
2024.05.13 21:41:07 WARN  no build target for: /home/andresuv/cuartoSemestre/PFC/proyecto/proyectocode/proyectofinal/src/test/scala/pruebas.worksheet.sc[0m
2024.05.13 21:41:08 INFO  time: evaluated worksheet 'pruebas.worksheet.sc' in 0.29s[0m
2024.05.13 21:43:03 WARN  no build target for: /home/andresuv/cuartoSemestre/PFC/proyecto/proyectocode/proyectofinal/src/test/scala/pruebas.worksheet.sc[0m
2024.05.13 21:43:04 INFO  time: evaluated worksheet 'pruebas.worksheet.sc' in 0.35s[0m
May 13, 2024 9:49:00 PM org.eclipse.lsp4j.jsonrpc.RemoteEndpoint handleCancellation
WARNING: Unmatched cancel notification for request id 8404
2024.05.13 21:50:40 ERROR Failed to tokenize input for semantic tokens for /home/andresuv/cuartoSemestre/PFC/proyecto/proyectocode/proyectofinal/src/test/scala/pruebas.worksheet.sc
scala.meta.tokenizers.TokenizeException: <input>:82: error: illegal character '\u00bf'
    if(vueloF.sÂ¿)
               ^
	at scala.meta.internal.tokenizers.Reporter.syntaxError(Reporter.scala:23)
	at scala.meta.internal.tokenizers.Reporter.syntaxError$(Reporter.scala:23)
	at scala.meta.internal.tokenizers.Reporter$$anon$1.syntaxError(Reporter.scala:33)
	at scala.meta.internal.tokenizers.Reporter.syntaxError(Reporter.scala:25)
	at scala.meta.internal.tokenizers.Reporter.syntaxError$(Reporter.scala:25)
	at scala.meta.internal.tokenizers.Reporter$$anon$1.syntaxError(Reporter.scala:33)
	at scala.meta.internal.tokenizers.LegacyScanner.fetchOther$1(LegacyScanner.scala:476)
	at scala.meta.internal.tokenizers.LegacyScanner.fetchToken(LegacyScanner.scala:481)
	at scala.meta.internal.tokenizers.LegacyScanner.nextToken(LegacyScanner.scala:214)
	at scala.meta.internal.tokenizers.LegacyScanner.foreach(LegacyScanner.scala:982)
	at scala.meta.internal.tokenizers.ScalametaTokenizer.uncachedTokenize(ScalametaTokenizer.scala:23)
	at scala.meta.internal.tokenizers.ScalametaTokenizer.$anonfun$tokenize$1(ScalametaTokenizer.scala:16)
	at scala.collection.concurrent.TrieMap.getOrElseUpdate(TrieMap.scala:960)
	at scala.meta.internal.tokenizers.ScalametaTokenizer.tokenize(ScalametaTokenizer.scala:16)
	at scala.meta.internal.tokenizers.ScalametaTokenizer$$anon$2.apply(ScalametaTokenizer.scala:331)
	at scala.meta.tokenizers.Api$XtensionTokenizeDialectInput.tokenize(Api.scala:25)
	at scala.meta.tokenizers.Api$XtensionTokenizeInputLike.tokenize(Api.scala:14)
	at scala.meta.internal.metals.SemanticTokensProvider$.getTokens(SemanticTokensProvider.scala:28)
	at scala.meta.internal.metals.SemanticTokensProvider$.provide(SemanticTokensProvider.scala:89)
	at scala.meta.internal.metals.Compilers.$anonfun$semanticTokens$3(Compilers.scala:597)
	at scala.concurrent.impl.Promise$Transformation.run(Promise.scala:467)
	at java.util.concurrent.ThreadPoolExecutor.runWorker(ThreadPoolExecutor.java:1136)
	at java.util.concurrent.ThreadPoolExecutor$Worker.run(ThreadPoolExecutor.java:635)
	at java.lang.Thread.run(Thread.java:840)
[0m
2024.05.13 21:50:40 ERROR Failed to tokenize input for semantic tokens for /home/andresuv/cuartoSemestre/PFC/proyecto/proyectocode/proyectofinal/src/test/scala/pruebas.worksheet.sc
scala.meta.tokenizers.TokenizeException: <input>:82: error: illegal character '\u00bf'
    if(vueloF.sÂ¿tÂ¿)
               ^
	at scala.meta.internal.tokenizers.Reporter.syntaxError(Reporter.scala:23)
	at scala.meta.internal.tokenizers.Reporter.syntaxError$(Reporter.scala:23)
	at scala.meta.internal.tokenizers.Reporter$$anon$1.syntaxError(Reporter.scala:33)
	at scala.meta.internal.tokenizers.Reporter.syntaxError(Reporter.scala:25)
	at scala.meta.internal.tokenizers.Reporter.syntaxError$(Reporter.scala:25)
	at scala.meta.internal.tokenizers.Reporter$$anon$1.syntaxError(Reporter.scala:33)
	at scala.meta.internal.tokenizers.LegacyScanner.fetchOther$1(LegacyScanner.scala:476)
	at scala.meta.internal.tokenizers.LegacyScanner.fetchToken(LegacyScanner.scala:481)
	at scala.meta.internal.tokenizers.LegacyScanner.nextToken(LegacyScanner.scala:214)
	at scala.meta.internal.tokenizers.LegacyScanner.foreach(LegacyScanner.scala:982)
	at scala.meta.internal.tokenizers.ScalametaTokenizer.uncachedTokenize(ScalametaTokenizer.scala:23)
	at scala.meta.internal.tokenizers.ScalametaTokenizer.$anonfun$tokenize$1(ScalametaTokenizer.scala:16)
	at scala.collection.concurrent.TrieMap.getOrElseUpdate(TrieMap.scala:960)
	at scala.meta.internal.tokenizers.ScalametaTokenizer.tokenize(ScalametaTokenizer.scala:16)
	at scala.meta.internal.tokenizers.ScalametaTokenizer$$anon$2.apply(ScalametaTokenizer.scala:331)
	at scala.meta.tokenizers.Api$XtensionTokenizeDialectInput.tokenize(Api.scala:25)
	at scala.meta.tokenizers.Api$XtensionTokenizeInputLike.tokenize(Api.scala:14)
	at scala.meta.internal.metals.SemanticTokensProvider$.getTokens(SemanticTokensProvider.scala:28)
	at scala.meta.internal.metals.SemanticTokensProvider$.provide(SemanticTokensProvider.scala:89)
	at scala.meta.internal.metals.Compilers.$anonfun$semanticTokens$3(Compilers.scala:597)
	at scala.concurrent.impl.Promise$Transformation.run(Promise.scala:467)
	at java.util.concurrent.ThreadPoolExecutor.runWorker(ThreadPoolExecutor.java:1136)
	at java.util.concurrent.ThreadPoolExecutor$Worker.run(ThreadPoolExecutor.java:635)
	at java.lang.Thread.run(Thread.java:840)
[0m
May 13, 2024 9:50:42 PM org.eclipse.lsp4j.jsonrpc.RemoteEndpoint handleCancellation
WARNING: Unmatched cancel notification for request id 8740
May 13, 2024 9:51:29 PM org.eclipse.lsp4j.jsonrpc.RemoteEndpoint handleCancellation
WARNING: Unmatched cancel notification for request id 8865
May 13, 2024 10:00:12 PM org.eclipse.lsp4j.jsonrpc.RemoteEndpoint handleCancellation
WARNING: Unmatched cancel notification for request id 9163
May 13, 2024 10:10:34 PM scala.meta.internal.pc.CompilerAccess handleError
SEVERE: A severe compiler error occurred, full details of the error can be found in the error report /home/andresuv/cuartoSemestre/PFC/proyecto/proyectocode/.metals/.reports/metals-full/2024-05-13/r_compiler-error_22-10-34-967.md
2024.05.13 22:10:35 ERROR Failed to tokenize input for semantic tokens for /home/andresuv/cuartoSemestre/PFC/proyecto/proyectocode/proyectofinal/src/test/scala/pruebas.worksheet.sc
scala.meta.tokenizers.TokenizeException: <input>:83: error: malformed xml literal, expected:
Expected "=":83:7, found "formarIt(c"
  def formarIt(cod1:String,vueloF:Vuelo,vuelos:List[Vuelo]):Itinerario={
      ^
	at scala.meta.internal.tokenizers.Reporter.syntaxError(Reporter.scala:23)
	at scala.meta.internal.tokenizers.Reporter.syntaxError$(Reporter.scala:23)
	at scala.meta.internal.tokenizers.Reporter$$anon$1.syntaxError(Reporter.scala:33)
	at scala.meta.internal.tokenizers.Reporter.syntaxError(Reporter.scala:25)
	at scala.meta.internal.tokenizers.Reporter.syntaxError$(Reporter.scala:25)
	at scala.meta.internal.tokenizers.Reporter$$anon$1.syntaxError(Reporter.scala:33)
	at scala.meta.internal.tokenizers.LegacyScanner.getXml(LegacyScanner.scala:908)
	at scala.meta.internal.tokenizers.LegacyScanner.fetchLT$1(LegacyScanner.scala:298)
	at scala.meta.internal.tokenizers.LegacyScanner.fetchToken(LegacyScanner.scala:306)
	at scala.meta.internal.tokenizers.LegacyScanner.nextToken(LegacyScanner.scala:214)
	at scala.meta.internal.tokenizers.LegacyScanner.foreach(LegacyScanner.scala:982)
	at scala.meta.internal.tokenizers.ScalametaTokenizer.uncachedTokenize(ScalametaTokenizer.scala:23)
	at scala.meta.internal.tokenizers.ScalametaTokenizer.$anonfun$tokenize$1(ScalametaTokenizer.scala:16)
	at scala.collection.concurrent.TrieMap.getOrElseUpdate(TrieMap.scala:960)
	at scala.meta.internal.tokenizers.ScalametaTokenizer.tokenize(ScalametaTokenizer.scala:16)
	at scala.meta.internal.tokenizers.ScalametaTokenizer$$anon$2.apply(ScalametaTokenizer.scala:331)
	at scala.meta.tokenizers.Api$XtensionTokenizeDialectInput.tokenize(Api.scala:25)
	at scala.meta.tokenizers.Api$XtensionTokenizeInputLike.tokenize(Api.scala:14)
	at scala.meta.internal.metals.SemanticTokensProvider$.getTokens(SemanticTokensProvider.scala:28)
	at scala.meta.internal.metals.SemanticTokensProvider$.provide(SemanticTokensProvider.scala:89)
	at scala.meta.internal.metals.Compilers.$anonfun$semanticTokens$3(Compilers.scala:597)
	at scala.concurrent.impl.Promise$Transformation.run(Promise.scala:467)
	at java.util.concurrent.ThreadPoolExecutor.runWorker(ThreadPoolExecutor.java:1136)
	at java.util.concurrent.ThreadPoolExecutor$Worker.run(ThreadPoolExecutor.java:635)
	at java.lang.Thread.run(Thread.java:840)
[0m
2024.05.13 22:10:35 ERROR Failed to tokenize input for semantic tokens for /home/andresuv/cuartoSemestre/PFC/proyecto/proyectocode/proyectofinal/src/test/scala/pruebas.worksheet.sc
scala.meta.tokenizers.TokenizeException: <input>:83: error: malformed xml literal, expected:
Expected "=":83:7, found "formarIt(c"
  def formarIt(cod1:String,vueloF:Vuelo,vuelos:List[Vuelo]):Itinerario={
      ^
	at scala.meta.internal.tokenizers.Reporter.syntaxError(Reporter.scala:23)
	at scala.meta.internal.tokenizers.Reporter.syntaxError$(Reporter.scala:23)
	at scala.meta.internal.tokenizers.Reporter$$anon$1.syntaxError(Reporter.scala:33)
	at scala.meta.internal.tokenizers.Reporter.syntaxError(Reporter.scala:25)
	at scala.meta.internal.tokenizers.Reporter.syntaxError$(Reporter.scala:25)
	at scala.meta.internal.tokenizers.Reporter$$anon$1.syntaxError(Reporter.scala:33)
	at scala.meta.internal.tokenizers.LegacyScanner.getXml(LegacyScanner.scala:908)
	at scala.meta.internal.tokenizers.LegacyScanner.fetchLT$1(LegacyScanner.scala:298)
	at scala.meta.internal.tokenizers.LegacyScanner.fetchToken(LegacyScanner.scala:306)
	at scala.meta.internal.tokenizers.LegacyScanner.nextToken(LegacyScanner.scala:214)
	at scala.meta.internal.tokenizers.LegacyScanner.foreach(LegacyScanner.scala:982)
	at scala.meta.internal.tokenizers.ScalametaTokenizer.uncachedTokenize(ScalametaTokenizer.scala:23)
	at scala.meta.internal.tokenizers.ScalametaTokenizer.$anonfun$tokenize$1(ScalametaTokenizer.scala:16)
	at scala.collection.concurrent.TrieMap.getOrElseUpdate(TrieMap.scala:960)
	at scala.meta.internal.tokenizers.ScalametaTokenizer.tokenize(ScalametaTokenizer.scala:16)
	at scala.meta.internal.tokenizers.ScalametaTokenizer$$anon$2.apply(ScalametaTokenizer.scala:331)
	at scala.meta.tokenizers.Api$XtensionTokenizeDialectInput.tokenize(Api.scala:25)
	at scala.meta.tokenizers.Api$XtensionTokenizeInputLike.tokenize(Api.scala:14)
	at scala.meta.internal.metals.SemanticTokensProvider$.getTokens(SemanticTokensProvider.scala:28)
	at scala.meta.internal.metals.SemanticTokensProvider$.provide(SemanticTokensProvider.scala:89)
	at scala.meta.internal.metals.Compilers.$anonfun$semanticTokens$3(Compilers.scala:597)
	at scala.concurrent.impl.Promise$Transformation.run(Promise.scala:467)
	at java.util.concurrent.ThreadPoolExecutor.runWorker(ThreadPoolExecutor.java:1136)
	at java.util.concurrent.ThreadPoolExecutor$Worker.run(ThreadPoolExecutor.java:635)
	at java.lang.Thread.run(Thread.java:840)
[0m
May 13, 2024 10:10:36 PM scala.meta.internal.pc.CompilerAccess handleError
SEVERE: A severe compiler error occurred, full details of the error can be found in the error report /home/andresuv/cuartoSemestre/PFC/proyecto/proyectocode/.metals/.reports/metals-full/2024-05-13/r_compiler-error_22-10-36-917.md
2024.05.13 22:10:37 ERROR Failed to tokenize input for semantic tokens for /home/andresuv/cuartoSemestre/PFC/proyecto/proyectocode/proyectofinal/src/test/scala/pruebas.worksheet.sc
scala.meta.tokenizers.TokenizeException: <input>:83: error: malformed xml literal, expected:
Expected "=":83:7, found "formarIt(c"
  def formarIt(cod1:String,vueloF:Vuelo,vuelos:List[Vuelo]):Itinerario={
      ^
	at scala.meta.internal.tokenizers.Reporter.syntaxError(Reporter.scala:23)
	at scala.meta.internal.tokenizers.Reporter.syntaxError$(Reporter.scala:23)
	at scala.meta.internal.tokenizers.Reporter$$anon$1.syntaxError(Reporter.scala:33)
	at scala.meta.internal.tokenizers.Reporter.syntaxError(Reporter.scala:25)
	at scala.meta.internal.tokenizers.Reporter.syntaxError$(Reporter.scala:25)
	at scala.meta.internal.tokenizers.Reporter$$anon$1.syntaxError(Reporter.scala:33)
	at scala.meta.internal.tokenizers.LegacyScanner.getXml(LegacyScanner.scala:908)
	at scala.meta.internal.tokenizers.LegacyScanner.fetchLT$1(LegacyScanner.scala:298)
	at scala.meta.internal.tokenizers.LegacyScanner.fetchToken(LegacyScanner.scala:306)
	at scala.meta.internal.tokenizers.LegacyScanner.nextToken(LegacyScanner.scala:214)
	at scala.meta.internal.tokenizers.LegacyScanner.foreach(LegacyScanner.scala:982)
	at scala.meta.internal.tokenizers.ScalametaTokenizer.uncachedTokenize(ScalametaTokenizer.scala:23)
	at scala.meta.internal.tokenizers.ScalametaTokenizer.$anonfun$tokenize$1(ScalametaTokenizer.scala:16)
	at scala.collection.concurrent.TrieMap.getOrElseUpdate(TrieMap.scala:960)
	at scala.meta.internal.tokenizers.ScalametaTokenizer.tokenize(ScalametaTokenizer.scala:16)
	at scala.meta.internal.tokenizers.ScalametaTokenizer$$anon$2.apply(ScalametaTokenizer.scala:331)
	at scala.meta.tokenizers.Api$XtensionTokenizeDialectInput.tokenize(Api.scala:25)
	at scala.meta.tokenizers.Api$XtensionTokenizeInputLike.tokenize(Api.scala:14)
	at scala.meta.internal.metals.SemanticTokensProvider$.getTokens(SemanticTokensProvider.scala:28)
	at scala.meta.internal.metals.SemanticTokensProvider$.provide(SemanticTokensProvider.scala:89)
	at scala.meta.internal.metals.Compilers.$anonfun$semanticTokens$3(Compilers.scala:597)
	at scala.concurrent.impl.Promise$Transformation.run(Promise.scala:467)
	at java.util.concurrent.ThreadPoolExecutor.runWorker(ThreadPoolExecutor.java:1136)
	at java.util.concurrent.ThreadPoolExecutor$Worker.run(ThreadPoolExecutor.java:635)
	at java.lang.Thread.run(Thread.java:840)
[0m
2024.05.13 22:14:48 WARN  Using indexes to guess the definition of Dst[0m
2024.05.13 22:14:53 WARN  no build target for: /home/andresuv/cuartoSemestre/PFC/proyecto/proyectocode/proyectofinal/src/test/scala/pruebas.worksheet.sc[0m
[31merror[39m: proyectofinal/src/test/scala/pruebas.worksheet.sc:87:3: ) expected but } found
  }
  ^
2024.05.13 22:14:53 INFO  time: evaluated worksheet 'pruebas.worksheet.sc' in 90ms[0m
2024.05.13 22:15:45 INFO  Shutting down server[0m
2024.05.13 22:15:45 INFO  shutting down Metals[0m
2024.05.13 22:15:45 INFO  Shut down connection with build server.[0m
2024.05.13 22:15:45 INFO  Exiting server[0m
2024.05.14 07:52:24 INFO  Started: Metals version 1.3.0 in folders '/home/andresuv/cuartoSemestre/PFC/proyecto/proyectocode' for client Visual Studio Code 1.87.2.[0m
SLF4J: Class path contains multiple SLF4J providers.
SLF4J: Found provider [scribe.slf4j.ScribeServiceProvider@1ef3a8a3]
SLF4J: Found provider [ch.qos.logback.classic.spi.LogbackServiceProvider@1eff7cd1]
SLF4J: See https://www.slf4j.org/codes.html#multiple_bindings for an explanation.
SLF4J: Actual provider is of type [scribe.slf4j.ScribeServiceProvider@1ef3a8a3]
2024.05.14 07:52:24 WARN  Flyway upgrade recommended: H2 2.2.224 is newer than this version of Flyway and support has not been tested. The latest supported version of H2 is 2.2.220.[0m
2024.05.14 07:52:25 INFO  Attempting to connect to the build server...[0m
2024.05.14 07:52:26 WARN  no build target for: /home/andresuv/cuartoSemestre/PFC/proyecto/proyectocode/proyectofinal/src/test/scala/pruebas.worksheet.sc[0m
2024.05.14 07:52:28 INFO  tracing is disabled for protocol BSP, to enable tracing of incoming and outgoing JSON messages create an empty file at /home/andresuv/cuartoSemestre/PFC/proyecto/proyectocode/.metals/bsp.trace.json or /home/andresuv/.cache/metals/bsp.trace.json[0m
2024.05.14 07:52:28 INFO  time: Connected to build server in 3.28s[0m
2024.05.14 07:52:28 INFO  Connected to Build server: Bloop v1.5.17[0m
2024.05.14 07:52:28 INFO  time: Imported build in 0.14s[0m
2024.05.14 07:52:29 INFO  no build target found for /home/andresuv/cuartoSemestre/PFC/proyecto/proyectocode/proyectofinal/src/test/scala/pruebas.worksheet.sc. Using presentation compiler with project's scala-library version: 3.3.3[0m
2024.05.14 07:52:30 WARN  Could not find java sources in /usr/lib/jvm/src.zip, /usr/lib/jvm/lib/src.zip, /usr/lib/jvm/java-17-openjdk-amd64/src.zip, /usr/lib/jvm/java-17-openjdk-amd64/lib/src.zip. Java symbols will not be available.[0m
2024.05.14 07:52:30 WARN  Could not find java sources in /usr/lib/jvm/src.zip, /usr/lib/jvm/lib/src.zip, /usr/lib/jvm/java-17-openjdk-amd64/src.zip, /usr/lib/jvm/java-17-openjdk-amd64/lib/src.zip. Java symbols will not be available.[0m
2024.05.14 07:52:30 WARN  Could not find java sources in /usr/lib/jvm/src.zip, /usr/lib/jvm/lib/src.zip, /usr/lib/jvm/java-17-openjdk-amd64/src.zip, /usr/lib/jvm/java-17-openjdk-amd64/lib/src.zip. Java symbols will not be available.[0m
2024.05.14 07:52:30 INFO  time: indexed workspace in 1.43s[0m
2024.05.14 07:52:30 WARN  no build target for: /home/andresuv/cuartoSemestre/PFC/proyecto/proyectocode/proyectofinal/src/test/scala/pruebas.worksheet.sc[0m
[31merror[39m: proyectofinal/src/test/scala/pruebas.worksheet.sc:86:56: 
Found:    MdocApp.this.Vuelo
Required: String
  if(acumulado.head.Dst==cod1) acumulado else formarIt(acumulado.head,vuelos,(vuelo: Vuelo, vuelos: List[Vuelo],acumulado:List[Vuelo]) =>if (vuelos.head.Dst == vuelo.Org && vuelos.head.Org != vuelo.Dst) vuelos.head :: acumulado else Nil)
                                                       ^^^^^^^^^^^^^^
[31merror[39m: proyectofinal/src/test/scala/pruebas.worksheet.sc:86:71: 
Found:    (vuelos : List[MdocApp.this.Vuelo])
Required: MdocApp.this.Vuelo
  if(acumulado.head.Dst==cod1) acumulado else formarIt(acumulado.head,vuelos,(vuelo: Vuelo, vuelos: List[Vuelo],acumulado:List[Vuelo]) =>if (vuelos.head.Dst == vuelo.Org && vuelos.head.Org != vuelo.Dst) vuelos.head :: acumulado else Nil)
                                                                      ^^^^^^
[31merror[39m: proyectofinal/src/test/scala/pruebas.worksheet.sc:86:78: 
Found:    (MdocApp.this.Vuelo, List[MdocApp.this.Vuelo], List[MdocApp.this.Vuelo]) =>
  List[MdocApp.this.Vuelo]
Required: List[MdocApp.this.Vuelo]
  if(acumulado.head.Dst==cod1) acumulado else formarIt(acumulado.head,vuelos,(vuelo: Vuelo, vuelos: List[Vuelo],acumulado:List[Vuelo]) =>if (vuelos.head.Dst == vuelo.Org && vuelos.head.Org != vuelo.Dst) vuelos.head :: acumulado else Nil)
                                                                             ^^^^^^^^^^^^^^^^^^^^^^^^^^^^^^^^^^^^^^^^^^^^^^^^^^^^^^^^^^^^^^^^^^^^^^^^^^^^^^^^^^^^^^^^^^^^^^^^^^^^^^^^^^^^^^^^^^^^^^^^^^^^^^^^^^^^^^^^^^^^^^^^^^^^^^^^^^^^^^^
[31merror[39m: proyectofinal/src/test/scala/pruebas.worksheet.sc:89:2: 
Found:    Unit
Required: MdocApp.this.Itinerario
}
 ^
2024.05.14 07:52:31 INFO  time: evaluated worksheet 'pruebas.worksheet.sc' in 4.55s[0m
[31merror[39m: proyectofinal/src/test/scala/pruebas.worksheet.sc:86:56: 
Found:    MdocApp.this.Vuelo
Required: String
  if(acumulado.head.Dst==cod1) acumulado else formarIt(acumulado.head,vuelos,(vuelo: Vuelo, vuelos: List[Vuelo],acumulado:List[Vuelo]) =>if (vuelos.head.Dst == vuelo.Org && vuelos.head.Org != vuelo.Dst) vuelos.head :: acumulado else Nil)
                                                       ^^^^^^^^^^^^^^
[31merror[39m: proyectofinal/src/test/scala/pruebas.worksheet.sc:86:71: 
Found:    (vuelos : List[MdocApp.this.Vuelo])
Required: MdocApp.this.Vuelo
  if(acumulado.head.Dst==cod1) acumulado else formarIt(acumulado.head,vuelos,(vuelo: Vuelo, vuelos: List[Vuelo],acumulado:List[Vuelo]) =>if (vuelos.head.Dst == vuelo.Org && vuelos.head.Org != vuelo.Dst) vuelos.head :: acumulado else Nil)
                                                                      ^^^^^^
[31merror[39m: proyectofinal/src/test/scala/pruebas.worksheet.sc:86:78: 
Found:    (MdocApp.this.Vuelo, List[MdocApp.this.Vuelo], List[MdocApp.this.Vuelo]) =>
  List[MdocApp.this.Vuelo]
Required: List[MdocApp.this.Vuelo]
  if(acumulado.head.Dst==cod1) acumulado else formarIt(acumulado.head,vuelos,(vuelo: Vuelo, vuelos: List[Vuelo],acumulado:List[Vuelo]) =>if (vuelos.head.Dst == vuelo.Org && vuelos.head.Org != vuelo.Dst) vuelos.head :: acumulado else Nil)
                                                                             ^^^^^^^^^^^^^^^^^^^^^^^^^^^^^^^^^^^^^^^^^^^^^^^^^^^^^^^^^^^^^^^^^^^^^^^^^^^^^^^^^^^^^^^^^^^^^^^^^^^^^^^^^^^^^^^^^^^^^^^^^^^^^^^^^^^^^^^^^^^^^^^^^^^^^^^^^^^^^^^
[31merror[39m: proyectofinal/src/test/scala/pruebas.worksheet.sc:89:2: 
Found:    Unit
Required: MdocApp.this.Itinerario
}
 ^
2024.05.14 07:52:32 INFO  time: evaluated worksheet 'pruebas.worksheet.sc' in 0.8s[0m
2024.05.14 07:52:32 WARN  no build target for: /home/andresuv/cuartoSemestre/PFC/proyecto/proyectocode/proyectofinal/src/test/scala/pruebas.worksheet.sc[0m
[31merror[39m: proyectofinal/src/test/scala/pruebas.worksheet.sc:86:56: 
Found:    MdocApp.this.Vuelo
Required: String
  if(acumulado.head.Dst==cod1) acumulado else formarIt(acumulado.head,vuelos,(vuelo: Vuelo, vuelos: List[Vuelo],acumulado:List[Vuelo]) =>if (vuelos.head.Dst == vuelo.Org && vuelos.head.Org != vuelo.Dst) vuelos.head :: acumulado else Nil)
                                                       ^^^^^^^^^^^^^^
[31merror[39m: proyectofinal/src/test/scala/pruebas.worksheet.sc:86:71: 
Found:    (vuelos : List[MdocApp.this.Vuelo])
Required: MdocApp.this.Vuelo
  if(acumulado.head.Dst==cod1) acumulado else formarIt(acumulado.head,vuelos,(vuelo: Vuelo, vuelos: List[Vuelo],acumulado:List[Vuelo]) =>if (vuelos.head.Dst == vuelo.Org && vuelos.head.Org != vuelo.Dst) vuelos.head :: acumulado else Nil)
                                                                      ^^^^^^
[31merror[39m: proyectofinal/src/test/scala/pruebas.worksheet.sc:86:78: 
Found:    (MdocApp.this.Vuelo, List[MdocApp.this.Vuelo], List[MdocApp.this.Vuelo]) =>
  List[MdocApp.this.Vuelo]
Required: List[MdocApp.this.Vuelo]
  if(acumulado.head.Dst==cod1) acumulado else formarIt(acumulado.head,vuelos,(vuelo: Vuelo, vuelos: List[Vuelo],acumulado:List[Vuelo]) =>if (vuelos.head.Dst == vuelo.Org && vuelos.head.Org != vuelo.Dst) vuelos.head :: acumulado else Nil)
                                                                             ^^^^^^^^^^^^^^^^^^^^^^^^^^^^^^^^^^^^^^^^^^^^^^^^^^^^^^^^^^^^^^^^^^^^^^^^^^^^^^^^^^^^^^^^^^^^^^^^^^^^^^^^^^^^^^^^^^^^^^^^^^^^^^^^^^^^^^^^^^^^^^^^^^^^^^^^^^^^^^^
[31merror[39m: proyectofinal/src/test/scala/pruebas.worksheet.sc:89:2: 
Found:    Unit
Required: MdocApp.this.Itinerario
}
 ^
2024.05.14 07:52:32 INFO  time: evaluated worksheet 'pruebas.worksheet.sc' in 0.63s[0m
2024.05.14 07:52:33 INFO  no build target found for /home/andresuv/cuartoSemestre/PFC/proyecto/proyectocode/proyectofinal/src/test/scala/pruebas.worksheet.sc. Using presentation compiler with project's scala-library version: 3.3.3[0m
2024.05.14 07:52:34 INFO  no build target found for /home/andresuv/cuartoSemestre/PFC/proyecto/proyectocode/proyectofinal/src/test/scala/pruebas.worksheet.sc. Using presentation compiler with project's scala-library version: 3.3.3[0m
2024.05.14 07:52:35 INFO  time: code lens generation in 3.07s[0m
2024.05.14 07:52:35 INFO  time: code lens generation in 3.07s[0m
2024.05.14 08:06:13 ERROR Failed to tokenize input for semantic tokens for /home/andresuv/cuartoSemestre/PFC/proyecto/proyectocode/proyectofinal/src/test/scala/pruebas.worksheet.sc
scala.meta.tokenizers.TokenizeException: <input>:82: error: illegal character '\u00bf'
  def anonimaÂ¿
             ^
	at scala.meta.internal.tokenizers.Reporter.syntaxError(Reporter.scala:23)
	at scala.meta.internal.tokenizers.Reporter.syntaxError$(Reporter.scala:23)
	at scala.meta.internal.tokenizers.Reporter$$anon$1.syntaxError(Reporter.scala:33)
	at scala.meta.internal.tokenizers.Reporter.syntaxError(Reporter.scala:25)
	at scala.meta.internal.tokenizers.Reporter.syntaxError$(Reporter.scala:25)
	at scala.meta.internal.tokenizers.Reporter$$anon$1.syntaxError(Reporter.scala:33)
	at scala.meta.internal.tokenizers.LegacyScanner.fetchOther$1(LegacyScanner.scala:476)
	at scala.meta.internal.tokenizers.LegacyScanner.fetchToken(LegacyScanner.scala:481)
	at scala.meta.internal.tokenizers.LegacyScanner.nextToken(LegacyScanner.scala:214)
	at scala.meta.internal.tokenizers.LegacyScanner.foreach(LegacyScanner.scala:982)
	at scala.meta.internal.tokenizers.ScalametaTokenizer.uncachedTokenize(ScalametaTokenizer.scala:23)
	at scala.meta.internal.tokenizers.ScalametaTokenizer.$anonfun$tokenize$1(ScalametaTokenizer.scala:16)
	at scala.collection.concurrent.TrieMap.getOrElseUpdate(TrieMap.scala:960)
	at scala.meta.internal.tokenizers.ScalametaTokenizer.tokenize(ScalametaTokenizer.scala:16)
	at scala.meta.internal.tokenizers.ScalametaTokenizer$$anon$2.apply(ScalametaTokenizer.scala:331)
	at scala.meta.tokenizers.Api$XtensionTokenizeDialectInput.tokenize(Api.scala:25)
	at scala.meta.tokenizers.Api$XtensionTokenizeInputLike.tokenize(Api.scala:14)
	at scala.meta.internal.metals.SemanticTokensProvider$.getTokens(SemanticTokensProvider.scala:28)
	at scala.meta.internal.metals.SemanticTokensProvider$.provide(SemanticTokensProvider.scala:89)
	at scala.meta.internal.metals.Compilers.$anonfun$semanticTokens$3(Compilers.scala:597)
	at scala.concurrent.impl.Promise$Transformation.run(Promise.scala:467)
	at java.util.concurrent.ThreadPoolExecutor.runWorker(ThreadPoolExecutor.java:1136)
	at java.util.concurrent.ThreadPoolExecutor$Worker.run(ThreadPoolExecutor.java:635)
	at java.lang.Thread.run(Thread.java:840)
[0m
2024.05.14 08:20:16 ERROR Failed to tokenize input for semantic tokens for /home/andresuv/cuartoSemestre/PFC/proyecto/proyectocode/proyectofinal/src/test/scala/pruebas.worksheet.sc
scala.meta.tokenizers.TokenizeException: <input>:133: error: Invalid literal number, followed by identifier character
    i<-1 5o 
          ^
	at scala.meta.internal.tokenizers.Reporter.syntaxError(Reporter.scala:23)
	at scala.meta.internal.tokenizers.Reporter.syntaxError$(Reporter.scala:23)
	at scala.meta.internal.tokenizers.Reporter$$anon$1.syntaxError(Reporter.scala:33)
	at scala.meta.internal.tokenizers.Reporter.syntaxError(Reporter.scala:25)
	at scala.meta.internal.tokenizers.Reporter.syntaxError$(Reporter.scala:25)
	at scala.meta.internal.tokenizers.Reporter$$anon$1.syntaxError(Reporter.scala:33)
	at scala.meta.internal.tokenizers.LegacyScanner.checkNoLetter(LegacyScanner.scala:834)
	at scala.meta.internal.tokenizers.LegacyScanner.setNumberInteger$1(LegacyScanner.scala:857)
	at scala.meta.internal.tokenizers.LegacyScanner.getNumber(LegacyScanner.scala:875)
	at scala.meta.internal.tokenizers.LegacyScanner.fetchToken(LegacyScanner.scala:342)
	at scala.meta.internal.tokenizers.LegacyScanner.nextToken(LegacyScanner.scala:214)
	at scala.meta.internal.tokenizers.LegacyScanner.foreach(LegacyScanner.scala:982)
	at scala.meta.internal.tokenizers.ScalametaTokenizer.uncachedTokenize(ScalametaTokenizer.scala:23)
	at scala.meta.internal.tokenizers.ScalametaTokenizer.$anonfun$tokenize$1(ScalametaTokenizer.scala:16)
	at scala.collection.concurrent.TrieMap.getOrElseUpdate(TrieMap.scala:960)
	at scala.meta.internal.tokenizers.ScalametaTokenizer.tokenize(ScalametaTokenizer.scala:16)
	at scala.meta.internal.tokenizers.ScalametaTokenizer$$anon$2.apply(ScalametaTokenizer.scala:331)
	at scala.meta.tokenizers.Api$XtensionTokenizeDialectInput.tokenize(Api.scala:25)
	at scala.meta.tokenizers.Api$XtensionTokenizeInputLike.tokenize(Api.scala:14)
	at scala.meta.internal.metals.SemanticTokensProvider$.getTokens(SemanticTokensProvider.scala:28)
	at scala.meta.internal.metals.SemanticTokensProvider$.provide(SemanticTokensProvider.scala:89)
	at scala.meta.internal.metals.Compilers.$anonfun$semanticTokens$3(Compilers.scala:597)
	at scala.concurrent.impl.Promise$Transformation.run(Promise.scala:467)
	at java.util.concurrent.ThreadPoolExecutor.runWorker(ThreadPoolExecutor.java:1136)
	at java.util.concurrent.ThreadPoolExecutor$Worker.run(ThreadPoolExecutor.java:635)
	at java.lang.Thread.run(Thread.java:840)
[0m
May 14, 2024 8:22:05 AM org.eclipse.lsp4j.jsonrpc.RemoteEndpoint handleCancellation
WARNING: Unmatched cancel notification for request id 1637
2024.05.14 08:40:27 WARN  no build target for: /home/andresuv/cuartoSemestre/PFC/proyecto/proyectocode/proyectofinal/src/test/scala/pruebas.worksheet.sc[0m
[31merror[39m: proyectofinal/src/test/scala/pruebas.worksheet.sc:89:47: 
None of the overloaded alternatives of method formarIt in class MdocApp with types
 (cod1: String, vueloF: MdocApp.this.Vuelo, vuelos: List[MdocApp.this.Vuelo]):
  MdocApp.this.Itinerario
 (vuelo: MdocApp.this.Vuelo, vuelos: List[MdocApp.this.Vuelo]):
  MdocApp.this.Itinerario
match arguments ()
  if(acumulado.head.Dst==cod1) acumulado else formarIt()
                                              ^^^^^^^^
[31merror[39m: proyectofinal/src/test/scala/pruebas.worksheet.sc:92:2: 
Found:    Unit
Required: MdocApp.this.Itinerario
}
 ^
[31merror[39m: proyectofinal/src/test/scala/pruebas.worksheet.sc:131:19: 
Found:    MdocApp.this.Itinerario
Required: MdocApp.this.Vuelo
formarIt(formarIt(formarIt(vuelos_cod2.tail.tail.head,vuelosCurso),vuelosCurso),vuelosCurso)
                  ^^^^^^^^^^^^^^^^^^^^^^^^^^^^^^^^^^^^^^^^^^^^^^^^
2024.05.14 08:40:27 INFO  time: evaluated worksheet 'pruebas.worksheet.sc' in 0.44s[0m
2024.05.14 08:41:06 WARN  no build target for: /home/andresuv/cuartoSemestre/PFC/proyecto/proyectocode/proyectofinal/src/test/scala/pruebas.worksheet.sc[0m
[31merror[39m: proyectofinal/src/test/scala/pruebas.worksheet.sc:89:47: 
None of the overloaded alternatives of method formarIt in class MdocApp with types
 (cod1: String, vueloF: MdocApp.this.Vuelo, vuelos: List[MdocApp.this.Vuelo]):
  MdocApp.this.Itinerario
 (vuelo: MdocApp.this.Vuelo, vuelos: List[MdocApp.this.Vuelo]):
  MdocApp.this.Itinerario
match arguments ()
  if(acumulado.head.Dst==cod1) acumulado else formarIt()
                                              ^^^^^^^^
[31merror[39m: proyectofinal/src/test/scala/pruebas.worksheet.sc:92:2: 
Found:    Unit
Required: MdocApp.this.Itinerario
}
 ^
2024.05.14 08:41:07 INFO  time: evaluated worksheet 'pruebas.worksheet.sc' in 0.36s[0m
2024.05.14 08:41:21 ERROR Failed to tokenize input for semantic tokens for /home/andresuv/cuartoSemestre/PFC/proyecto/proyectocode/proyectofinal/src/test/scala/pruebas.worksheet.sc
scala.meta.tokenizers.TokenizeException: <input>:88: error: unclosed comment
  /*def formarIt(cod1:String,vueloF:Vuelo,vuelos:List[Vuelo]):Itinerario={
  ^
	at scala.meta.internal.tokenizers.Reporter.incompleteInputError(Reporter.scala:27)
	at scala.meta.internal.tokenizers.Reporter.incompleteInputError$(Reporter.scala:26)
	at scala.meta.internal.tokenizers.Reporter$$anon$1.incompleteInputError(Reporter.scala:33)
	at scala.meta.internal.tokenizers.Reporter.incompleteInputError(Reporter.scala:29)
	at scala.meta.internal.tokenizers.Reporter.incompleteInputError$(Reporter.scala:29)
	at scala.meta.internal.tokenizers.Reporter$$anon$1.incompleteInputError(Reporter.scala:33)
	at scala.meta.internal.tokenizers.LegacyScanner.skipNestedComments(LegacyScanner.scala:55)
	at scala.meta.internal.tokenizers.LegacyScanner.skipToCommentEnd(LegacyScanner.scala:74)
	at scala.meta.internal.tokenizers.LegacyScanner.fetchToken(LegacyScanner.scala:316)
	at scala.meta.internal.tokenizers.LegacyScanner.nextToken(LegacyScanner.scala:214)
	at scala.meta.internal.tokenizers.LegacyScanner.foreach(LegacyScanner.scala:982)
	at scala.meta.internal.tokenizers.ScalametaTokenizer.uncachedTokenize(ScalametaTokenizer.scala:23)
	at scala.meta.internal.tokenizers.ScalametaTokenizer.$anonfun$tokenize$1(ScalametaTokenizer.scala:16)
	at scala.collection.concurrent.TrieMap.getOrElseUpdate(TrieMap.scala:960)
	at scala.meta.internal.tokenizers.ScalametaTokenizer.tokenize(ScalametaTokenizer.scala:16)
	at scala.meta.internal.tokenizers.ScalametaTokenizer$$anon$2.apply(ScalametaTokenizer.scala:331)
	at scala.meta.tokenizers.Api$XtensionTokenizeDialectInput.tokenize(Api.scala:25)
	at scala.meta.tokenizers.Api$XtensionTokenizeInputLike.tokenize(Api.scala:14)
	at scala.meta.internal.metals.SemanticTokensProvider$.getTokens(SemanticTokensProvider.scala:28)
	at scala.meta.internal.metals.SemanticTokensProvider$.provide(SemanticTokensProvider.scala:89)
	at scala.meta.internal.metals.Compilers.$anonfun$semanticTokens$3(Compilers.scala:597)
	at scala.concurrent.impl.Promise$Transformation.run(Promise.scala:467)
	at java.util.concurrent.ThreadPoolExecutor.runWorker(ThreadPoolExecutor.java:1136)
	at java.util.concurrent.ThreadPoolExecutor$Worker.run(ThreadPoolExecutor.java:635)
	at java.lang.Thread.run(Thread.java:840)
[0m
2024.05.14 08:41:25 WARN  no build target for: /home/andresuv/cuartoSemestre/PFC/proyecto/proyectocode/proyectofinal/src/test/scala/pruebas.worksheet.sc[0m
2024.05.14 08:41:27 INFO  time: evaluated worksheet 'pruebas.worksheet.sc' in 1.81s[0m
2024.05.14 09:08:37 ERROR Failed to tokenize input for semantic tokens for /home/andresuv/cuartoSemestre/PFC/proyecto/proyectocode/proyectofinal/src/test/scala/pruebas.worksheet.sc
scala.meta.tokenizers.TokenizeException: <input>:136: error: unclosed comment
  /*
  ^
	at scala.meta.internal.tokenizers.Reporter.incompleteInputError(Reporter.scala:27)
	at scala.meta.internal.tokenizers.Reporter.incompleteInputError$(Reporter.scala:26)
	at scala.meta.internal.tokenizers.Reporter$$anon$1.incompleteInputError(Reporter.scala:33)
	at scala.meta.internal.tokenizers.Reporter.incompleteInputError(Reporter.scala:29)
	at scala.meta.internal.tokenizers.Reporter.incompleteInputError$(Reporter.scala:29)
	at scala.meta.internal.tokenizers.Reporter$$anon$1.incompleteInputError(Reporter.scala:33)
	at scala.meta.internal.tokenizers.LegacyScanner.skipNestedComments(LegacyScanner.scala:55)
	at scala.meta.internal.tokenizers.LegacyScanner.skipToCommentEnd(LegacyScanner.scala:74)
	at scala.meta.internal.tokenizers.LegacyScanner.fetchToken(LegacyScanner.scala:316)
	at scala.meta.internal.tokenizers.LegacyScanner.nextToken(LegacyScanner.scala:214)
	at scala.meta.internal.tokenizers.LegacyScanner.foreach(LegacyScanner.scala:982)
	at scala.meta.internal.tokenizers.ScalametaTokenizer.uncachedTokenize(ScalametaTokenizer.scala:23)
	at scala.meta.internal.tokenizers.ScalametaTokenizer.$anonfun$tokenize$1(ScalametaTokenizer.scala:16)
	at scala.collection.concurrent.TrieMap.getOrElseUpdate(TrieMap.scala:960)
	at scala.meta.internal.tokenizers.ScalametaTokenizer.tokenize(ScalametaTokenizer.scala:16)
	at scala.meta.internal.tokenizers.ScalametaTokenizer$$anon$2.apply(ScalametaTokenizer.scala:331)
	at scala.meta.tokenizers.Api$XtensionTokenizeDialectInput.tokenize(Api.scala:25)
	at scala.meta.tokenizers.Api$XtensionTokenizeInputLike.tokenize(Api.scala:14)
	at scala.meta.internal.metals.SemanticTokensProvider$.getTokens(SemanticTokensProvider.scala:28)
	at scala.meta.internal.metals.SemanticTokensProvider$.provide(SemanticTokensProvider.scala:89)
	at scala.meta.internal.metals.Compilers.$anonfun$semanticTokens$3(Compilers.scala:597)
	at scala.concurrent.impl.Promise$Transformation.run(Promise.scala:467)
	at java.util.concurrent.ThreadPoolExecutor.runWorker(ThreadPoolExecutor.java:1136)
	at java.util.concurrent.ThreadPoolExecutor$Worker.run(ThreadPoolExecutor.java:635)
	at java.lang.Thread.run(Thread.java:840)
[0m
2024.05.14 09:08:37 ERROR Failed to tokenize input for semantic tokens for /home/andresuv/cuartoSemestre/PFC/proyecto/proyectocode/proyectofinal/src/test/scala/pruebas.worksheet.sc
scala.meta.tokenizers.TokenizeException: <input>:136: error: unclosed comment
  /**
  ^
	at scala.meta.internal.tokenizers.Reporter.incompleteInputError(Reporter.scala:27)
	at scala.meta.internal.tokenizers.Reporter.incompleteInputError$(Reporter.scala:26)
	at scala.meta.internal.tokenizers.Reporter$$anon$1.incompleteInputError(Reporter.scala:33)
	at scala.meta.internal.tokenizers.Reporter.incompleteInputError(Reporter.scala:29)
	at scala.meta.internal.tokenizers.Reporter.incompleteInputError$(Reporter.scala:29)
	at scala.meta.internal.tokenizers.Reporter$$anon$1.incompleteInputError(Reporter.scala:33)
	at scala.meta.internal.tokenizers.LegacyScanner.skipNestedComments(LegacyScanner.scala:55)
	at scala.meta.internal.tokenizers.LegacyScanner.skipToCommentEnd(LegacyScanner.scala:73)
	at scala.meta.internal.tokenizers.LegacyScanner.fetchToken(LegacyScanner.scala:316)
	at scala.meta.internal.tokenizers.LegacyScanner.nextToken(LegacyScanner.scala:214)
	at scala.meta.internal.tokenizers.LegacyScanner.foreach(LegacyScanner.scala:982)
	at scala.meta.internal.tokenizers.ScalametaTokenizer.uncachedTokenize(ScalametaTokenizer.scala:23)
	at scala.meta.internal.tokenizers.ScalametaTokenizer.$anonfun$tokenize$1(ScalametaTokenizer.scala:16)
	at scala.collection.concurrent.TrieMap.getOrElseUpdate(TrieMap.scala:960)
	at scala.meta.internal.tokenizers.ScalametaTokenizer.tokenize(ScalametaTokenizer.scala:16)
	at scala.meta.internal.tokenizers.ScalametaTokenizer$$anon$2.apply(ScalametaTokenizer.scala:331)
	at scala.meta.tokenizers.Api$XtensionTokenizeDialectInput.tokenize(Api.scala:25)
	at scala.meta.tokenizers.Api$XtensionTokenizeInputLike.tokenize(Api.scala:14)
	at scala.meta.internal.metals.SemanticTokensProvider$.getTokens(SemanticTokensProvider.scala:28)
	at scala.meta.internal.metals.SemanticTokensProvider$.provide(SemanticTokensProvider.scala:89)
	at scala.meta.internal.metals.Compilers.$anonfun$semanticTokens$3(Compilers.scala:597)
	at scala.concurrent.impl.Promise$Transformation.run(Promise.scala:467)
	at java.util.concurrent.ThreadPoolExecutor.runWorker(ThreadPoolExecutor.java:1136)
	at java.util.concurrent.ThreadPoolExecutor$Worker.run(ThreadPoolExecutor.java:635)
	at java.lang.Thread.run(Thread.java:840)
[0m
2024.05.14 09:08:38 ERROR Failed to tokenize input for semantic tokens for /home/andresuv/cuartoSemestre/PFC/proyecto/proyectocode/proyectofinal/src/test/scala/pruebas.worksheet.sc
scala.meta.tokenizers.TokenizeException: <input>:136: error: unclosed comment
  /*
  ^
	at scala.meta.internal.tokenizers.Reporter.incompleteInputError(Reporter.scala:27)
	at scala.meta.internal.tokenizers.Reporter.incompleteInputError$(Reporter.scala:26)
	at scala.meta.internal.tokenizers.Reporter$$anon$1.incompleteInputError(Reporter.scala:33)
	at scala.meta.internal.tokenizers.Reporter.incompleteInputError(Reporter.scala:29)
	at scala.meta.internal.tokenizers.Reporter.incompleteInputError$(Reporter.scala:29)
	at scala.meta.internal.tokenizers.Reporter$$anon$1.incompleteInputError(Reporter.scala:33)
	at scala.meta.internal.tokenizers.LegacyScanner.skipNestedComments(LegacyScanner.scala:55)
	at scala.meta.internal.tokenizers.LegacyScanner.skipToCommentEnd(LegacyScanner.scala:74)
	at scala.meta.internal.tokenizers.LegacyScanner.fetchToken(LegacyScanner.scala:316)
	at scala.meta.internal.tokenizers.LegacyScanner.nextToken(LegacyScanner.scala:214)
	at scala.meta.internal.tokenizers.LegacyScanner.foreach(LegacyScanner.scala:982)
	at scala.meta.internal.tokenizers.ScalametaTokenizer.uncachedTokenize(ScalametaTokenizer.scala:23)
	at scala.meta.internal.tokenizers.ScalametaTokenizer.$anonfun$tokenize$1(ScalametaTokenizer.scala:16)
	at scala.collection.concurrent.TrieMap.getOrElseUpdate(TrieMap.scala:960)
	at scala.meta.internal.tokenizers.ScalametaTokenizer.tokenize(ScalametaTokenizer.scala:16)
	at scala.meta.internal.tokenizers.ScalametaTokenizer$$anon$2.apply(ScalametaTokenizer.scala:331)
	at scala.meta.tokenizers.Api$XtensionTokenizeDialectInput.tokenize(Api.scala:25)
	at scala.meta.tokenizers.Api$XtensionTokenizeInputLike.tokenize(Api.scala:14)
	at scala.meta.internal.metals.SemanticTokensProvider$.getTokens(SemanticTokensProvider.scala:28)
	at scala.meta.internal.metals.SemanticTokensProvider$.provide(SemanticTokensProvider.scala:89)
	at scala.meta.internal.metals.Compilers.$anonfun$semanticTokens$3(Compilers.scala:597)
	at scala.concurrent.impl.Promise$Transformation.run(Promise.scala:467)
	at java.util.concurrent.ThreadPoolExecutor.runWorker(ThreadPoolExecutor.java:1136)
	at java.util.concurrent.ThreadPoolExecutor$Worker.run(ThreadPoolExecutor.java:635)
	at java.lang.Thread.run(Thread.java:840)
[0m
2024.05.14 09:20:23 ERROR Failed to tokenize input for semantic tokens for /home/andresuv/cuartoSemestre/PFC/proyecto/proyectocode/proyectofinal/src/test/scala/pruebas.worksheet.sc
scala.meta.tokenizers.TokenizeException: <input>:176: error: unclosed comment
  /*
  ^
	at scala.meta.internal.tokenizers.Reporter.incompleteInputError(Reporter.scala:27)
	at scala.meta.internal.tokenizers.Reporter.incompleteInputError$(Reporter.scala:26)
	at scala.meta.internal.tokenizers.Reporter$$anon$1.incompleteInputError(Reporter.scala:33)
	at scala.meta.internal.tokenizers.Reporter.incompleteInputError(Reporter.scala:29)
	at scala.meta.internal.tokenizers.Reporter.incompleteInputError$(Reporter.scala:29)
	at scala.meta.internal.tokenizers.Reporter$$anon$1.incompleteInputError(Reporter.scala:33)
	at scala.meta.internal.tokenizers.LegacyScanner.skipNestedComments(LegacyScanner.scala:55)
	at scala.meta.internal.tokenizers.LegacyScanner.skipToCommentEnd(LegacyScanner.scala:74)
	at scala.meta.internal.tokenizers.LegacyScanner.fetchToken(LegacyScanner.scala:316)
	at scala.meta.internal.tokenizers.LegacyScanner.nextToken(LegacyScanner.scala:214)
	at scala.meta.internal.tokenizers.LegacyScanner.foreach(LegacyScanner.scala:982)
	at scala.meta.internal.tokenizers.ScalametaTokenizer.uncachedTokenize(ScalametaTokenizer.scala:23)
	at scala.meta.internal.tokenizers.ScalametaTokenizer.$anonfun$tokenize$1(ScalametaTokenizer.scala:16)
	at scala.collection.concurrent.TrieMap.getOrElseUpdate(TrieMap.scala:960)
	at scala.meta.internal.tokenizers.ScalametaTokenizer.tokenize(ScalametaTokenizer.scala:16)
	at scala.meta.internal.tokenizers.ScalametaTokenizer$$anon$2.apply(ScalametaTokenizer.scala:331)
	at scala.meta.tokenizers.Api$XtensionTokenizeDialectInput.tokenize(Api.scala:25)
	at scala.meta.tokenizers.Api$XtensionTokenizeInputLike.tokenize(Api.scala:14)
	at scala.meta.internal.metals.SemanticTokensProvider$.getTokens(SemanticTokensProvider.scala:28)
	at scala.meta.internal.metals.SemanticTokensProvider$.provide(SemanticTokensProvider.scala:89)
	at scala.meta.internal.metals.Compilers.$anonfun$semanticTokens$3(Compilers.scala:597)
	at scala.concurrent.impl.Promise$Transformation.run(Promise.scala:467)
	at java.util.concurrent.ThreadPoolExecutor.runWorker(ThreadPoolExecutor.java:1136)
	at java.util.concurrent.ThreadPoolExecutor$Worker.run(ThreadPoolExecutor.java:635)
	at java.lang.Thread.run(Thread.java:840)
[0m
2024.05.14 09:20:24 ERROR Failed to tokenize input for semantic tokens for /home/andresuv/cuartoSemestre/PFC/proyecto/proyectocode/proyectofinal/src/test/scala/pruebas.worksheet.sc
scala.meta.tokenizers.TokenizeException: <input>:176: error: unclosed comment
  /*/
  ^
	at scala.meta.internal.tokenizers.Reporter.incompleteInputError(Reporter.scala:27)
	at scala.meta.internal.tokenizers.Reporter.incompleteInputError$(Reporter.scala:26)
	at scala.meta.internal.tokenizers.Reporter$$anon$1.incompleteInputError(Reporter.scala:33)
	at scala.meta.internal.tokenizers.Reporter.incompleteInputError(Reporter.scala:29)
	at scala.meta.internal.tokenizers.Reporter.incompleteInputError$(Reporter.scala:29)
	at scala.meta.internal.tokenizers.Reporter$$anon$1.incompleteInputError(Reporter.scala:33)
	at scala.meta.internal.tokenizers.LegacyScanner.skipNestedComments(LegacyScanner.scala:55)
	at scala.meta.internal.tokenizers.LegacyScanner.skipToCommentEnd(LegacyScanner.scala:74)
	at scala.meta.internal.tokenizers.LegacyScanner.fetchToken(LegacyScanner.scala:316)
	at scala.meta.internal.tokenizers.LegacyScanner.nextToken(LegacyScanner.scala:214)
	at scala.meta.internal.tokenizers.LegacyScanner.foreach(LegacyScanner.scala:982)
	at scala.meta.internal.tokenizers.ScalametaTokenizer.uncachedTokenize(ScalametaTokenizer.scala:23)
	at scala.meta.internal.tokenizers.ScalametaTokenizer.$anonfun$tokenize$1(ScalametaTokenizer.scala:16)
	at scala.collection.concurrent.TrieMap.getOrElseUpdate(TrieMap.scala:960)
	at scala.meta.internal.tokenizers.ScalametaTokenizer.tokenize(ScalametaTokenizer.scala:16)
	at scala.meta.internal.tokenizers.ScalametaTokenizer$$anon$2.apply(ScalametaTokenizer.scala:331)
	at scala.meta.tokenizers.Api$XtensionTokenizeDialectInput.tokenize(Api.scala:25)
	at scala.meta.tokenizers.Api$XtensionTokenizeInputLike.tokenize(Api.scala:14)
	at scala.meta.internal.metals.SemanticTokensProvider$.getTokens(SemanticTokensProvider.scala:28)
	at scala.meta.internal.metals.SemanticTokensProvider$.provide(SemanticTokensProvider.scala:89)
	at scala.meta.internal.metals.Compilers.$anonfun$semanticTokens$3(Compilers.scala:597)
	at scala.concurrent.impl.Promise$Transformation.run(Promise.scala:467)
	at java.util.concurrent.ThreadPoolExecutor.runWorker(ThreadPoolExecutor.java:1136)
	at java.util.concurrent.ThreadPoolExecutor$Worker.run(ThreadPoolExecutor.java:635)
	at java.lang.Thread.run(Thread.java:840)
[0m
2024.05.14 09:20:25 ERROR Failed to tokenize input for semantic tokens for /home/andresuv/cuartoSemestre/PFC/proyecto/proyectocode/proyectofinal/src/test/scala/pruebas.worksheet.sc
scala.meta.tokenizers.TokenizeException: <input>:176: error: unclosed comment
  /*
  ^
	at scala.meta.internal.tokenizers.Reporter.incompleteInputError(Reporter.scala:27)
	at scala.meta.internal.tokenizers.Reporter.incompleteInputError$(Reporter.scala:26)
	at scala.meta.internal.tokenizers.Reporter$$anon$1.incompleteInputError(Reporter.scala:33)
	at scala.meta.internal.tokenizers.Reporter.incompleteInputError(Reporter.scala:29)
	at scala.meta.internal.tokenizers.Reporter.incompleteInputError$(Reporter.scala:29)
	at scala.meta.internal.tokenizers.Reporter$$anon$1.incompleteInputError(Reporter.scala:33)
	at scala.meta.internal.tokenizers.LegacyScanner.skipNestedComments(LegacyScanner.scala:55)
	at scala.meta.internal.tokenizers.LegacyScanner.skipToCommentEnd(LegacyScanner.scala:74)
	at scala.meta.internal.tokenizers.LegacyScanner.fetchToken(LegacyScanner.scala:316)
	at scala.meta.internal.tokenizers.LegacyScanner.nextToken(LegacyScanner.scala:214)
	at scala.meta.internal.tokenizers.LegacyScanner.foreach(LegacyScanner.scala:982)
	at scala.meta.internal.tokenizers.ScalametaTokenizer.uncachedTokenize(ScalametaTokenizer.scala:23)
	at scala.meta.internal.tokenizers.ScalametaTokenizer.$anonfun$tokenize$1(ScalametaTokenizer.scala:16)
	at scala.collection.concurrent.TrieMap.getOrElseUpdate(TrieMap.scala:960)
	at scala.meta.internal.tokenizers.ScalametaTokenizer.tokenize(ScalametaTokenizer.scala:16)
	at scala.meta.internal.tokenizers.ScalametaTokenizer$$anon$2.apply(ScalametaTokenizer.scala:331)
	at scala.meta.tokenizers.Api$XtensionTokenizeDialectInput.tokenize(Api.scala:25)
	at scala.meta.tokenizers.Api$XtensionTokenizeInputLike.tokenize(Api.scala:14)
	at scala.meta.internal.metals.SemanticTokensProvider$.getTokens(SemanticTokensProvider.scala:28)
	at scala.meta.internal.metals.SemanticTokensProvider$.provide(SemanticTokensProvider.scala:89)
	at scala.meta.internal.metals.Compilers.$anonfun$semanticTokens$3(Compilers.scala:597)
	at scala.concurrent.impl.Promise$Transformation.run(Promise.scala:467)
	at java.util.concurrent.ThreadPoolExecutor.runWorker(ThreadPoolExecutor.java:1136)
	at java.util.concurrent.ThreadPoolExecutor$Worker.run(ThreadPoolExecutor.java:635)
	at java.lang.Thread.run(Thread.java:840)
[0m
2024.05.14 09:21:13 WARN  no build target for: /home/andresuv/cuartoSemestre/PFC/proyecto/proyectocode/proyectofinal/src/test/scala/pruebas.worksheet.sc[0m
[31merror[39m: proyectofinal/src/test/scala/pruebas.worksheet.sc:137:5: 
Double definition:
def itinerarios
  (vuelos: List[MdocApp.this.Vuelo], areopuerto: List[MdocApp.this.Aeropuerto])
    : (String, String) => List[MdocApp.this.Itinerario] in class MdocApp at line 87 and
def itinerarios
  (vuelos: List[MdocApp.this.Vuelo], aeropuertos: List[MdocApp.this.Aeropuerto])
    : (String, String) => List[MdocApp.this.Itinerario] in class MdocApp at line 140
have the same type after erasure.

Consider adding a @targetName annotation to one of the conflicting definitions
for disambiguation.
def itinerarios(vuelos: List[Vuelo], aeropuertos: List[Aeropuerto]): (String, String) => List[Itinerario] = {
    ^
2024.05.14 09:21:13 INFO  time: evaluated worksheet 'pruebas.worksheet.sc' in 0.48s[0m
2024.05.14 09:21:36 WARN  no build target for: /home/andresuv/cuartoSemestre/PFC/proyecto/proyectocode/proyectofinal/src/test/scala/pruebas.worksheet.sc[0m
[31merror[39m: proyectofinal/src/test/scala/pruebas.worksheet.sc:137:5: 
Double definition:
def itinerarios2
  (vuelos: List[MdocApp.this.Vuelo], areopuerto: List[MdocApp.this.Aeropuerto])
    : (String, String) => List[MdocApp.this.Itinerario] in class MdocApp at line 87 and
def itinerarios2
  (vuelos: List[MdocApp.this.Vuelo], aeropuertos: List[MdocApp.this.Aeropuerto])
    : (String, String) => List[MdocApp.this.Itinerario] in class MdocApp at line 140
have the same type after erasure.

Consider adding a @targetName annotation to one of the conflicting definitions
for disambiguation.
def itinerarios2(vuelos: List[Vuelo], aeropuertos: List[Aeropuerto]): (String, String) => List[Itinerario] = {
    ^
2024.05.14 09:21:37 INFO  time: evaluated worksheet 'pruebas.worksheet.sc' in 0.47s[0m
2024.05.14 09:22:04 WARN  no build target for: /home/andresuv/cuartoSemestre/PFC/proyecto/proyectocode/proyectofinal/src/test/scala/pruebas.worksheet.sc[0m
[31merror[39m: proyectofinal/src/test/scala/pruebas.worksheet.sc:137:5: 
Double definition:
def itinerariosC
  (vuelos: List[MdocApp.this.Vuelo], areopuerto: List[MdocApp.this.Aeropuerto])
    : (String, String) => List[MdocApp.this.Itinerario] in class MdocApp at line 87 and
def itinerariosC
  (vuelos: List[MdocApp.this.Vuelo], aeropuertos: List[MdocApp.this.Aeropuerto])
    : (String, String) => List[MdocApp.this.Itinerario] in class MdocApp at line 140
have the same type after erasure.

Consider adding a @targetName annotation to one of the conflicting definitions
for disambiguation.
def itinerariosC(vuelos: List[Vuelo], aeropuertos: List[Aeropuerto]): (String, String) => List[Itinerario] = {
    ^
2024.05.14 09:22:04 INFO  time: evaluated worksheet 'pruebas.worksheet.sc' in 0.44s[0m
2024.05.14 09:22:59 WARN  no build target for: /home/andresuv/cuartoSemestre/PFC/proyecto/proyectocode/proyectofinal/src/test/scala/pruebas.worksheet.sc[0m
2024.05.14 09:23:00 INFO  time: evaluated worksheet 'pruebas.worksheet.sc' in 1.06s[0m
2024.05.14 09:28:15 WARN  no build target for: /home/andresuv/cuartoSemestre/PFC/proyecto/proyectocode/proyectofinal/src/test/scala/pruebas.worksheet.sc[0m
2024.05.14 09:28:16 INFO  time: evaluated worksheet 'pruebas.worksheet.sc' in 0.99s[0m
2024.05.14 09:36:24 WARN  no build target for: /home/andresuv/cuartoSemestre/PFC/proyecto/proyectocode/proyectofinal/src/test/scala/pruebas.worksheet.sc[0m
2024.05.14 09:36:24 INFO  time: evaluated worksheet 'pruebas.worksheet.sc' in 0.78s[0m
2024.05.14 09:37:31 WARN  no build target for: /home/andresuv/cuartoSemestre/PFC/proyecto/proyectocode/proyectofinal/src/test/scala/pruebas.worksheet.sc[0m
2024.05.14 09:37:31 INFO  time: evaluated worksheet 'pruebas.worksheet.sc' in 0.71s[0m
2024.05.14 09:43:00 WARN  no build target for: /home/andresuv/cuartoSemestre/PFC/proyecto/proyectocode/proyectofinal/src/test/scala/pruebas.worksheet.sc[0m
[31merror[39m: proyectofinal/src/test/scala/pruebas.worksheet.sc:191:50: 
Not found: aeropueto
aeropuertosCurso.map(aeropuerto=>aeropuerto.cod->aeropueto)
                                                 ^^^^^^^^^
2024.05.14 09:43:00 INFO  time: evaluated worksheet 'pruebas.worksheet.sc' in 0.34s[0m
2024.05.14 09:43:05 WARN  no build target for: /home/andresuv/cuartoSemestre/PFC/proyecto/proyectocode/proyectofinal/src/test/scala/pruebas.worksheet.sc[0m
2024.05.14 09:43:06 INFO  time: evaluated worksheet 'pruebas.worksheet.sc' in 0.78s[0m
2024.05.14 09:43:27 WARN  no build target for: /home/andresuv/cuartoSemestre/PFC/proyecto/proyectocode/proyectofinal/src/test/scala/pruebas.worksheet.sc[0m
2024.05.14 09:43:27 INFO  time: evaluated worksheet 'pruebas.worksheet.sc' in 0.66s[0m
2024.05.14 10:09:43 WARN  no build target for: /home/andresuv/cuartoSemestre/PFC/proyecto/proyectocode/proyectofinal/src/test/scala/pruebas.worksheet.sc[0m
2024.05.14 10:09:44 INFO  time: evaluated worksheet 'pruebas.worksheet.sc' in 0.83s[0m
2024.05.14 10:09:52 WARN  no build target for: /home/andresuv/cuartoSemestre/PFC/proyecto/proyectocode/proyectofinal/src/test/scala/pruebas.worksheet.sc[0m
2024.05.14 10:09:52 INFO  time: evaluated worksheet 'pruebas.worksheet.sc' in 0.67s[0m
2024.05.14 10:10:01 WARN  no build target for: /home/andresuv/cuartoSemestre/PFC/proyecto/proyectocode/proyectofinal/src/test/scala/pruebas.worksheet.sc[0m
2024.05.14 10:10:02 INFO  time: evaluated worksheet 'pruebas.worksheet.sc' in 0.85s[0m
2024.05.14 10:10:11 WARN  no build target for: /home/andresuv/cuartoSemestre/PFC/proyecto/proyectocode/proyectofinal/src/test/scala/pruebas.worksheet.sc[0m
2024.05.14 10:10:12 INFO  time: evaluated worksheet 'pruebas.worksheet.sc' in 0.56s[0m
2024.05.14 15:00:33 INFO  Started: Metals version 1.3.0 in folders '/home/andresuv/cuartoSemestre/PFC/proyecto/proyectocode' for client Visual Studio Code 1.87.2.[0m
SLF4J: Class path contains multiple SLF4J providers.
SLF4J: Found provider [scribe.slf4j.ScribeServiceProvider@6cf21c1d]
SLF4J: Found provider [ch.qos.logback.classic.spi.LogbackServiceProvider@7e677ffc]
SLF4J: See https://www.slf4j.org/codes.html#multiple_bindings for an explanation.
SLF4J: Actual provider is of type [scribe.slf4j.ScribeServiceProvider@6cf21c1d]
2024.05.14 15:00:36 WARN  Flyway upgrade recommended: H2 2.2.224 is newer than this version of Flyway and support has not been tested. The latest supported version of H2 is 2.2.220.[0m
2024.05.14 15:00:36 INFO  Attempting to connect to the build server...[0m
2024.05.14 15:00:39 INFO  tracing is disabled for protocol BSP, to enable tracing of incoming and outgoing JSON messages create an empty file at /home/andresuv/cuartoSemestre/PFC/proyecto/proyectocode/.metals/bsp.trace.json or /home/andresuv/.cache/metals/bsp.trace.json[0m
2024.05.14 15:00:39 INFO  time: Connected to build server in 2.73s[0m
2024.05.14 15:00:39 INFO  Connected to Build server: Bloop v1.5.17[0m
2024.05.14 15:00:39 INFO  time: Imported build in 0.11s[0m
2024.05.14 15:00:41 INFO  no build target found for /home/andresuv/cuartoSemestre/PFC/proyecto/proyectocode/proyectofinal/src/test/scala/pruebas.worksheet.sc. Using presentation compiler with project's scala-library version: 3.3.3[0m
2024.05.14 15:00:42 WARN  Could not find java sources in /usr/lib/jvm/src.zip, /usr/lib/jvm/lib/src.zip, /usr/lib/jvm/java-17-openjdk-amd64/src.zip, /usr/lib/jvm/java-17-openjdk-amd64/lib/src.zip. Java symbols will not be available.[0m
2024.05.14 15:00:42 WARN  Could not find java sources in /usr/lib/jvm/src.zip, /usr/lib/jvm/lib/src.zip, /usr/lib/jvm/java-17-openjdk-amd64/src.zip, /usr/lib/jvm/java-17-openjdk-amd64/lib/src.zip. Java symbols will not be available.[0m
2024.05.14 15:00:42 WARN  Could not find java sources in /usr/lib/jvm/src.zip, /usr/lib/jvm/lib/src.zip, /usr/lib/jvm/java-17-openjdk-amd64/src.zip, /usr/lib/jvm/java-17-openjdk-amd64/lib/src.zip. Java symbols will not be available.[0m
2024.05.14 15:00:42 INFO  time: indexed workspace in 0.78s[0m
2024.05.14 15:00:42 WARN  no build target for: /home/andresuv/cuartoSemestre/PFC/proyecto/proyectocode/proyectofinal/src/test/scala/pruebas.worksheet.sc[0m
[31merror[39m: proyectofinal/src/test/scala/pruebas.worksheet.sc:193:1: declaration requires a type
}
^
2024.05.14 15:00:45 INFO  time: evaluated worksheet 'pruebas.worksheet.sc' in 2.7s[0m
2024.05.14 15:00:45 WARN  no build target for: /home/andresuv/cuartoSemestre/PFC/proyecto/proyectocode/proyectofinal/src/test/scala/pruebas.worksheet.sc[0m
[31merror[39m: proyectofinal/src/test/scala/pruebas.worksheet.sc:193:1: declaration requires a type
}
^
2024.05.14 15:00:45 INFO  time: evaluated worksheet 'pruebas.worksheet.sc' in 0.57s[0m
2024.05.14 15:00:46 INFO  no build target found for /home/andresuv/cuartoSemestre/PFC/proyecto/proyectocode/proyectofinal/src/test/scala/pruebas.worksheet.sc. Using presentation compiler with project's scala-library version: 3.3.3[0m
2024.05.14 15:00:46 INFO  no build target found for /home/andresuv/cuartoSemestre/PFC/proyecto/proyectocode/proyectofinal/src/test/scala/pruebas.worksheet.sc. Using presentation compiler with project's scala-library version: 3.3.3[0m
2024.05.14 15:00:48 INFO  time: code lens generation in 3.38s[0m
2024.05.14 15:00:48 INFO  time: code lens generation in 3.38s[0m
2024.05.14 15:00:48 INFO  time: code lens generation in 3.38s[0m
2024.05.14 15:00:48 INFO  time: code lens generation in 3.38s[0m
May 14, 2024 3:03:19 PM org.eclipse.lsp4j.jsonrpc.RemoteEndpoint handleCancellation
WARNING: Unmatched cancel notification for request id 138
2024.05.14 15:06:48 WARN  no build target for: /home/andresuv/cuartoSemestre/PFC/proyecto/proyectocode/proyectofinal/src/test/scala/pruebas.worksheet.sc[0m
[31merror[39m: proyectofinal/src/test/scala/pruebas.worksheet.sc:193:1: illegal start of simple pattern
}
^
2024.05.14 15:06:48 INFO  time: evaluated worksheet 'pruebas.worksheet.sc' in 0.42s[0m
2024.05.14 15:10:15 WARN  no build target for: /home/andresuv/cuartoSemestre/PFC/proyecto/proyectocode/proyectofinal/src/test/scala/pruebas.worksheet.sc[0m
[31merror[39m: proyectofinal/src/test/scala/pruebas.worksheet.sc:193:1: illegal start of simple pattern
}
^
2024.05.14 15:10:15 INFO  time: evaluated worksheet 'pruebas.worksheet.sc' in 0.37s[0m
May 14, 2024 3:18:17 PM org.eclipse.lsp4j.jsonrpc.RemoteEndpoint handleCancellation
WARNING: Unmatched cancel notification for request id 2593
2024.05.14 15:20:44 WARN  no build target for: /home/andresuv/cuartoSemestre/PFC/proyecto/proyectocode/proyectofinal/src/test/scala/pruebas.worksheet.sc[0m
[31merror[39m: proyectofinal/src/test/scala/pruebas.worksheet.sc:200:15: 
Not found: generarItinerarios
      } yield generarItinerarios(cod1,v.Org,visitados + v)
              ^^^^^^^^^^^^^^^^^^
[31merror[39m: proyectofinal/src/test/scala/pruebas.worksheet.sc:200:57: 
Found:    (v : MdocApp.this.Vuelo)
Required: String
      } yield generarItinerarios(cod1,v.Org,visitados + v)
                                                        ^
[31merror[39m: proyectofinal/src/test/scala/pruebas.worksheet.sc:203:2: 
Found:    Unit
Required: (String, String) => List[MdocApp.this.Itinerario]
}
 ^
2024.05.14 15:20:45 INFO  time: evaluated worksheet 'pruebas.worksheet.sc' in 0.88s[0m
2024.05.14 15:21:34 WARN  no build target for: /home/andresuv/cuartoSemestre/PFC/proyecto/proyectocode/proyectofinal/src/test/scala/pruebas.worksheet.sc[0m
[31merror[39m: proyectofinal/src/test/scala/pruebas.worksheet.sc:200:15: 
Not found: generarItinerarios
      } yield generarItinerarios(cod1,v.Org,visitados + v)
              ^^^^^^^^^^^^^^^^^^
[31merror[39m: proyectofinal/src/test/scala/pruebas.worksheet.sc:200:57: 
Found:    (v : MdocApp.this.Vuelo)
Required: String
      } yield generarItinerarios(cod1,v.Org,visitados + v)
                                                        ^
[31merror[39m: proyectofinal/src/test/scala/pruebas.worksheet.sc:203:2: 
Found:    Unit
Required: (String, String) => List[MdocApp.this.Itinerario]
}
 ^
2024.05.14 15:21:35 INFO  time: evaluated worksheet 'pruebas.worksheet.sc' in 0.67s[0m
2024.05.14 15:23:18 WARN  no build target for: /home/andresuv/cuartoSemestre/PFC/proyecto/proyectocode/proyectofinal/src/test/scala/pruebas.worksheet.sc[0m
[31merror[39m: proyectofinal/src/test/scala/pruebas.worksheet.sc:200:67: 
Found:    List[MdocApp.this.Vuelo]
Required: MdocApp.this.Vuelo
      } yield formarItinerarios(cod1,v.Org,visitados + v.Org).map(_:+v)
                                                                  ^^^^
[31merror[39m: proyectofinal/src/test/scala/pruebas.worksheet.sc:203:2: 
Found:    Unit
Required: (String, String) => List[MdocApp.this.Itinerario]
}
 ^
2024.05.14 15:23:18 INFO  time: evaluated worksheet 'pruebas.worksheet.sc' in 0.51s[0m
2024.05.14 15:24:39 WARN  no build target for: /home/andresuv/cuartoSemestre/PFC/proyecto/proyectocode/proyectofinal/src/test/scala/pruebas.worksheet.sc[0m
[31merror[39m: proyectofinal/src/test/scala/pruebas.worksheet.sc:200:67: 
Found:    List[MdocApp.this.Vuelo]
Required: MdocApp.this.Vuelo
      } yield formarItinerarios(cod1,v.Org,visitados + v.Org).map(_:+v)
                                                                  ^^^^
[31merror[39m: proyectofinal/src/test/scala/pruebas.worksheet.sc:203:2: 
Found:    Unit
Required: (String, String) => List[MdocApp.this.Itinerario]
}
 ^
2024.05.14 15:24:40 INFO  time: evaluated worksheet 'pruebas.worksheet.sc' in 0.53s[0m
2024.05.14 15:29:19 WARN  no build target for: /home/andresuv/cuartoSemestre/PFC/proyecto/proyectocode/proyectofinal/src/test/scala/pruebas.worksheet.sc[0m
[31merror[39m: proyectofinal/src/test/scala/pruebas.worksheet.sc:201:59: 
Found:    List[MdocApp.this.Vuelo]
Required: MdocApp.this.Vuelo
      formarItinerarios(cod1,v.Org,visitados + v.Org).map(_:+v)
                                                          ^^^^
[31merror[39m: proyectofinal/src/test/scala/pruebas.worksheet.sc:206:4: 
Found:    Unit
Required: (String, String) => List[MdocApp.this.Itinerario]
  }
   ^
2024.05.14 15:29:20 INFO  time: evaluated worksheet 'pruebas.worksheet.sc' in 0.44s[0m
2024.05.14 15:31:41 WARN  no build target for: /home/andresuv/cuartoSemestre/PFC/proyecto/proyectocode/proyectofinal/src/test/scala/pruebas.worksheet.sc[0m
[31merror[39m: proyectofinal/src/test/scala/pruebas.worksheet.sc:201:63: 
Found:    List[MdocApp.this.Vuelo]
Required: MdocApp.this.Vuelo
      formarItinerarios(cod1,v.Org,visitados + v.Org).map(it=>it:+v)
                                                              ^^^^^
[31merror[39m: proyectofinal/src/test/scala/pruebas.worksheet.sc:206:4: 
Found:    Unit
Required: (String, String) => List[MdocApp.this.Itinerario]
  }
   ^
2024.05.14 15:31:42 INFO  time: evaluated worksheet 'pruebas.worksheet.sc' in 0.41s[0m
2024.05.14 15:36:52 WARN  no build target for: /home/andresuv/cuartoSemestre/PFC/proyecto/proyectocode/proyectofinal/src/test/scala/pruebas.worksheet.sc[0m
[31merror[39m: proyectofinal/src/test/scala/pruebas.worksheet.sc:202:36: 
Found:    List[MdocApp.this.Vuelo]
Required: MdocApp.this.Vuelo
          itinerariosFaltantes.map(_:+v)
                                   ^^^^
[31merror[39m: proyectofinal/src/test/scala/pruebas.worksheet.sc:209:4: 
Found:    Unit
Required: (String, String) => List[MdocApp.this.Itinerario]
  }
   ^
[33mwarning[39m: 
pruebas.worksheet.sc:213 (mdoc generated code) 
 Line is indented too far to the left, or a `}` is missing
              itinerariosFaltantes.map(_:+v)


2024.05.14 15:36:52 INFO  time: evaluated worksheet 'pruebas.worksheet.sc' in 0.4s[0m
2024.05.14 15:38:20 WARN  no build target for: /home/andresuv/cuartoSemestre/PFC/proyecto/proyectocode/proyectofinal/src/test/scala/pruebas.worksheet.sc[0m
[31merror[39m: proyectofinal/src/test/scala/pruebas.worksheet.sc:202:36: 
Found:    List[MdocApp.this.Vuelo]
Required: MdocApp.this.Vuelo
          itinerariosFaltantes.map(v::_)
                                   ^^^^
[31merror[39m: proyectofinal/src/test/scala/pruebas.worksheet.sc:208:4: 
Found:    Unit
Required: (String, String) => List[MdocApp.this.Itinerario]
  }
   ^
[33mwarning[39m: 
pruebas.worksheet.sc:213 (mdoc generated code) 
 Line is indented too far to the left, or a `}` is missing
              itinerariosFaltantes.map(v::_)


2024.05.14 15:38:21 INFO  time: evaluated worksheet 'pruebas.worksheet.sc' in 0.42s[0m
2024.05.14 15:39:15 WARN  no build target for: /home/andresuv/cuartoSemestre/PFC/proyecto/proyectocode/proyectofinal/src/test/scala/pruebas.worksheet.sc[0m
[31merror[39m: proyectofinal/src/test/scala/pruebas.worksheet.sc:202:11: 
Found:    (4 : Int)
Required: List[MdocApp.this.Vuelo]
          2+2
          ^^^
[31merror[39m: proyectofinal/src/test/scala/pruebas.worksheet.sc:208:4: 
Found:    Unit
Required: (String, String) => List[MdocApp.this.Itinerario]
  }
   ^
2024.05.14 15:39:16 INFO  time: evaluated worksheet 'pruebas.worksheet.sc' in 0.39s[0m
2024.05.14 15:40:27 ERROR scalafmt: <input>:204: error: [dialect scala213] illegal start of simple expression
    }}}
    ^[0m
May 14, 2024 3:41:22 PM org.eclipse.lsp4j.jsonrpc.RemoteEndpoint handleCancellation
WARNING: Unmatched cancel notification for request id 5427
May 14, 2024 3:41:22 PM org.eclipse.lsp4j.jsonrpc.RemoteEndpoint handleCancellation
WARNING: Unmatched cancel notification for request id 5428
2024.05.14 15:43:34 WARN  no build target for: /home/andresuv/cuartoSemestre/PFC/proyecto/proyectocode/proyectofinal/src/test/scala/pruebas.worksheet.sc[0m
[31merror[39m: proyectofinal/src/test/scala/pruebas.worksheet.sc:199:23: 
Not found: vuelo
        if(!visitados(vuelo.Org))
                      ^^^^^
[31merror[39m: proyectofinal/src/test/scala/pruebas.worksheet.sc:200:67: 
Found:    List[MdocApp.this.Vuelo]
Required: MdocApp.this.Vuelo
      } yield formarItinerarios(cod2,v.Org,visitados + v.Org).map(v::_)
                                                                  ^^^^
[31merror[39m: proyectofinal/src/test/scala/pruebas.worksheet.sc:207:2: 
Found:    Unit
Required: (String, String) => List[MdocApp.this.Itinerario]
}
 ^
2024.05.14 15:43:34 INFO  time: evaluated worksheet 'pruebas.worksheet.sc' in 0.39s[0m
2024.05.14 15:43:54 WARN  no build target for: /home/andresuv/cuartoSemestre/PFC/proyecto/proyectocode/proyectofinal/src/test/scala/pruebas.worksheet.sc[0m
[31merror[39m: proyectofinal/src/test/scala/pruebas.worksheet.sc:199:23: 
Not found: vuelo
        if(!visitados(vuelo.Org))
                      ^^^^^
[31merror[39m: proyectofinal/src/test/scala/pruebas.worksheet.sc:200:15: 
Found:    List[MdocApp.this.Itinerario]
Required: List[MdocApp.this.Vuelo]
      } yield formarItinerarios(cod2,v.Org,visitados + v.Org)
              ^^^^^^^^^^^^^^^^^^^^^^^^^^^^^^^^^^^^^^^^^^^^^^^
[31merror[39m: proyectofinal/src/test/scala/pruebas.worksheet.sc:206:2: 
Found:    Unit
Required: (String, String) => List[MdocApp.this.Itinerario]
}
 ^
2024.05.14 15:43:54 INFO  time: evaluated worksheet 'pruebas.worksheet.sc' in 0.41s[0m
2024.05.14 15:44:02 WARN  no build target for: /home/andresuv/cuartoSemestre/PFC/proyecto/proyectocode/proyectofinal/src/test/scala/pruebas.worksheet.sc[0m
[31merror[39m: proyectofinal/src/test/scala/pruebas.worksheet.sc:200:15: 
Found:    List[MdocApp.this.Itinerario]
Required: List[MdocApp.this.Vuelo]
      } yield formarItinerarios(cod2,v.Org,visitados + v.Org)
              ^^^^^^^^^^^^^^^^^^^^^^^^^^^^^^^^^^^^^^^^^^^^^^^
[31merror[39m: proyectofinal/src/test/scala/pruebas.worksheet.sc:206:2: 
Found:    Unit
Required: (String, String) => List[MdocApp.this.Itinerario]
}
 ^
2024.05.14 15:44:02 INFO  time: evaluated worksheet 'pruebas.worksheet.sc' in 0.36s[0m
2024.05.14 15:47:18 WARN  no build target for: /home/andresuv/cuartoSemestre/PFC/proyecto/proyectocode/proyectofinal/src/test/scala/pruebas.worksheet.sc[0m
[31merror[39m: proyectofinal/src/test/scala/pruebas.worksheet.sc:200:15: 
Found:    List[MdocApp.this.Itinerario]
Required: List[MdocApp.this.Vuelo]
      } yield formarItinerarios(cod1,v.Org,visitados + v.Org)
              ^^^^^^^^^^^^^^^^^^^^^^^^^^^^^^^^^^^^^^^^^^^^^^^
[31merror[39m: proyectofinal/src/test/scala/pruebas.worksheet.sc:206:2: 
Found:    Unit
Required: (String, String) => List[MdocApp.this.Itinerario]
}
 ^
2024.05.14 15:47:18 INFO  time: evaluated worksheet 'pruebas.worksheet.sc' in 0.32s[0m
May 14, 2024 3:54:51 PM org.eclipse.lsp4j.jsonrpc.RemoteEndpoint handleCancellation
WARNING: Unmatched cancel notification for request id 7704
2024.05.14 15:54:56 WARN  no build target for: /home/andresuv/cuartoSemestre/PFC/proyecto/proyectocode/proyectofinal/src/test/scala/pruebas.worksheet.sc[0m
[31merror[39m: proyectofinal/src/test/scala/pruebas.worksheet.sc:208:2: 
Found:    Unit
Required: (String, String) => List[MdocApp.this.Itinerario]
}
 ^
2024.05.14 15:54:56 INFO  time: evaluated worksheet 'pruebas.worksheet.sc' in 0.32s[0m
2024.05.14 15:55:10 WARN  no build target for: /home/andresuv/cuartoSemestre/PFC/proyecto/proyectocode/proyectofinal/src/test/scala/pruebas.worksheet.sc[0m
[31merror[39m: proyectofinal/src/test/scala/pruebas.worksheet.sc:208:2: 
Found:    Unit
Required: (String, String) => List[MdocApp.this.Itinerario]
}
 ^
2024.05.14 15:55:11 INFO  time: evaluated worksheet 'pruebas.worksheet.sc' in 0.43s[0m
2024.05.14 15:55:19 WARN  no build target for: /home/andresuv/cuartoSemestre/PFC/proyecto/proyectocode/proyectofinal/src/test/scala/pruebas.worksheet.sc[0m
[31merror[39m: proyectofinal/src/test/scala/pruebas.worksheet.sc:208:2: 
Found:    Unit
Required: (String, String) => List[MdocApp.this.Itinerario]
}
 ^
2024.05.14 15:55:19 INFO  time: evaluated worksheet 'pruebas.worksheet.sc' in 0.32s[0m
2024.05.14 15:55:53 WARN  no build target for: /home/andresuv/cuartoSemestre/PFC/proyecto/proyectocode/proyectofinal/src/test/scala/pruebas.worksheet.sc[0m
[31merror[39m: proyectofinal/src/test/scala/pruebas.worksheet.sc:209:23: 
Not found: aeropuertosMap
    val aeropuerto1 = aeropuertosMap.get(cod1)
                      ^^^^^^^^^^^^^^
[31merror[39m: proyectofinal/src/test/scala/pruebas.worksheet.sc:210:23: 
Not found: aeropuertosMap
    val aeropuerto2 = aeropuertosMap.get(cod2)
                      ^^^^^^^^^^^^^^
2024.05.14 15:55:53 INFO  time: evaluated worksheet 'pruebas.worksheet.sc' in 0.3s[0m
2024.05.14 15:56:09 WARN  no build target for: /home/andresuv/cuartoSemestre/PFC/proyecto/proyectocode/proyectofinal/src/test/scala/pruebas.worksheet.sc[0m
[31merror[39m: proyectofinal/src/test/scala/pruebas.worksheet.sc:209:23: 
Not found: aeropuertosMap
    val aeropuerto1 = aeropuertosMap.get(cod1)
                      ^^^^^^^^^^^^^^
[31merror[39m: proyectofinal/src/test/scala/pruebas.worksheet.sc:210:23: 
Not found: aeropuertosMap
    val aeropuerto2 = aeropuertosMap.get(cod2)
                      ^^^^^^^^^^^^^^
2024.05.14 15:56:09 INFO  time: evaluated worksheet 'pruebas.worksheet.sc' in 0.41s[0m
2024.05.14 15:56:13 WARN  no build target for: /home/andresuv/cuartoSemestre/PFC/proyecto/proyectocode/proyectofinal/src/test/scala/pruebas.worksheet.sc[0m
[31merror[39m: proyectofinal/src/test/scala/pruebas.worksheet.sc:209:23: 
Not found: aeropuertosMap
    val aeropuerto1 = aeropuertosMap.get(cod1)
                      ^^^^^^^^^^^^^^
[31merror[39m: proyectofinal/src/test/scala/pruebas.worksheet.sc:210:23: 
Not found: aeropuertosMap
    val aeropuerto2 = aeropuertosMap.get(cod2)
                      ^^^^^^^^^^^^^^
2024.05.14 15:56:14 INFO  time: evaluated worksheet 'pruebas.worksheet.sc' in 0.38s[0m
2024.05.14 15:56:16 WARN  no build target for: /home/andresuv/cuartoSemestre/PFC/proyecto/proyectocode/proyectofinal/src/test/scala/pruebas.worksheet.sc[0m
[31merror[39m: proyectofinal/src/test/scala/pruebas.worksheet.sc:210:23: 
Not found: aeropuertosMap
    val aeropuerto1 = aeropuertosMap.get(cod1)
                      ^^^^^^^^^^^^^^
[31merror[39m: proyectofinal/src/test/scala/pruebas.worksheet.sc:211:23: 
Not found: aeropuertosMap
    val aeropuerto2 = aeropuertosMap.get(cod2)
                      ^^^^^^^^^^^^^^
2024.05.14 15:56:16 INFO  time: evaluated worksheet 'pruebas.worksheet.sc' in 0.3s[0m
2024.05.14 15:58:17 WARN  no build target for: /home/andresuv/cuartoSemestre/PFC/proyecto/proyectocode/proyectofinal/src/test/scala/pruebas.worksheet.sc[0m
[31merror[39m: proyectofinal/src/test/scala/pruebas.worksheet.sc:200:15: 
Found:    List[MdocApp.this.Itinerario]
Required: List[MdocApp.this.Vuelo]
      } yield formarItinerarios(cod1,v.Org,visitados + v.Org)
              ^^^^^^^^^^^^^^^^^^^^^^^^^^^^^^^^^^^^^^^^^^^^^^^
[31merror[39m: proyectofinal/src/test/scala/pruebas.worksheet.sc:206:2: 
Found:    Unit
Required: (String, String) => List[MdocApp.this.Itinerario]
}
 ^
2024.05.14 15:58:18 INFO  time: evaluated worksheet 'pruebas.worksheet.sc' in 0.32s[0m
2024.05.14 15:58:36 WARN  no build target for: /home/andresuv/cuartoSemestre/PFC/proyecto/proyectocode/proyectofinal/src/test/scala/pruebas.worksheet.sc[0m
[31merror[39m: proyectofinal/src/test/scala/pruebas.worksheet.sc:206:2: 
Found:    Unit
Required: (String, String) => List[MdocApp.this.Itinerario]
}
 ^
2024.05.14 15:58:36 INFO  time: evaluated worksheet 'pruebas.worksheet.sc' in 0.35s[0m
2024.05.14 15:58:45 WARN  no build target for: /home/andresuv/cuartoSemestre/PFC/proyecto/proyectocode/proyectofinal/src/test/scala/pruebas.worksheet.sc[0m
[31merror[39m: proyectofinal/src/test/scala/pruebas.worksheet.sc:206:2: 
Found:    Unit
Required: (String, String) => List[MdocApp.this.Itinerario]
}
 ^
2024.05.14 15:58:45 INFO  time: evaluated worksheet 'pruebas.worksheet.sc' in 0.31s[0m
2024.05.14 15:59:40 WARN  no build target for: /home/andresuv/cuartoSemestre/PFC/proyecto/proyectocode/proyectofinal/src/test/scala/pruebas.worksheet.sc[0m
[31merror[39m: proyectofinal/src/test/scala/pruebas.worksheet.sc:206:2: 
Found:    Unit
Required: (String, String) => List[MdocApp.this.Itinerario]
}
 ^
2024.05.14 15:59:40 INFO  time: evaluated worksheet 'pruebas.worksheet.sc' in 0.33s[0m
May 14, 2024 4:00:02 PM org.eclipse.lsp4j.jsonrpc.RemoteEndpoint handleCancellation
WARNING: Unmatched cancel notification for request id 8309
2024.05.14 16:00:06 WARN  no build target for: /home/andresuv/cuartoSemestre/PFC/proyecto/proyectocode/proyectofinal/src/test/scala/pruebas.worksheet.sc[0m
[31merror[39m: 
pruebas.worksheet.sc:217 (mdoc generated code) 
 end of statement expected but '(' found
       (cod1: String, cod2: String) => {


[31merror[39m: proyectofinal/src/test/scala/pruebas.worksheet.sc:206:31: 
Found:    Unit
Required: (String, String) => List[MdocApp.this.Itinerario]
   (cod1: String, cod2: String) => {
                              ^
2024.05.14 16:00:06 INFO  time: evaluated worksheet 'pruebas.worksheet.sc' in 0.32s[0m
2024.05.14 16:00:09 WARN  no build target for: /home/andresuv/cuartoSemestre/PFC/proyecto/proyectocode/proyectofinal/src/test/scala/pruebas.worksheet.sc[0m
[31merror[39m: 
pruebas.worksheet.sc:217 (mdoc generated code) 
 end of statement expected but '(' found
       (cod1: String, cod2: String) => {


[31merror[39m: proyectofinal/src/test/scala/pruebas.worksheet.sc:206:31: 
Found:    Unit
Required: (String, String) => List[MdocApp.this.Itinerario]
   (cod1: String, cod2: String) => {
                              ^
2024.05.14 16:00:09 INFO  time: evaluated worksheet 'pruebas.worksheet.sc' in 0.31s[0m
2024.05.14 16:00:33 WARN  no build target for: /home/andresuv/cuartoSemestre/PFC/proyecto/proyectocode/proyectofinal/src/test/scala/pruebas.worksheet.sc[0m
[31merror[39m: 
pruebas.worksheet.sc:217 (mdoc generated code) 
 end of statement expected but '(' found
       (cod1: String, cod2: String) => {


[31merror[39m: proyectofinal/src/test/scala/pruebas.worksheet.sc:206:31: 
Found:    Unit
Required: (String, String) => List[MdocApp.this.Itinerario]
   (cod1: String, cod2: String) => {
                              ^
2024.05.14 16:00:34 INFO  time: evaluated worksheet 'pruebas.worksheet.sc' in 0.31s[0m
2024.05.14 16:02:22 WARN  no build target for: /home/andresuv/cuartoSemestre/PFC/proyecto/proyectocode/proyectofinal/src/test/scala/pruebas.worksheet.sc[0m
[31merror[39m: 
pruebas.worksheet.sc:217 (mdoc generated code) 
 end of statement expected but '(' found
       (cod1: String, cod2: String) => {


[31merror[39m: proyectofinal/src/test/scala/pruebas.worksheet.sc:206:31: 
Found:    Unit
Required: (String, String) => List[MdocApp.this.Itinerario]
   (cod1: String, cod2: String) => {
                              ^
2024.05.14 16:02:22 INFO  time: evaluated worksheet 'pruebas.worksheet.sc' in 0.35s[0m
2024.05.14 16:02:35 WARN  no build target for: /home/andresuv/cuartoSemestre/PFC/proyecto/proyectocode/proyectofinal/src/test/scala/pruebas.worksheet.sc[0m
[31merror[39m: 
pruebas.worksheet.sc:217 (mdoc generated code) 
 end of statement expected but '(' found
       (cod1: String, cod2: String) => {


[31merror[39m: proyectofinal/src/test/scala/pruebas.worksheet.sc:206:31: 
Found:    Unit
Required: (String, String) => List[MdocApp.this.Itinerario]
   (cod1: String, cod2: String) => {
                              ^
2024.05.14 16:02:35 INFO  time: evaluated worksheet 'pruebas.worksheet.sc' in 0.3s[0m
2024.05.14 16:02:38 WARN  no build target for: /home/andresuv/cuartoSemestre/PFC/proyecto/proyectocode/proyectofinal/src/test/scala/pruebas.worksheet.sc[0m
[31merror[39m: 
pruebas.worksheet.sc:217 (mdoc generated code) 
 end of statement expected but '(' found
       (cod1: String, cod2: String) => {


[31merror[39m: proyectofinal/src/test/scala/pruebas.worksheet.sc:206:31: 
Found:    Unit
Required: (String, String) => List[MdocApp.this.Itinerario]
   (cod1: String, cod2: String) => {
                              ^
2024.05.14 16:02:38 INFO  time: evaluated worksheet 'pruebas.worksheet.sc' in 0.39s[0m
2024.05.14 16:02:55 WARN  no build target for: /home/andresuv/cuartoSemestre/PFC/proyecto/proyectocode/proyectofinal/src/test/scala/pruebas.worksheet.sc[0m
[31merror[39m: proyectofinal/src/test/scala/pruebas.worksheet.sc:218:3: end of file expected but } found
  }
  ^
2024.05.14 16:02:55 INFO  time: evaluated worksheet 'pruebas.worksheet.sc' in 0.15s[0m
2024.05.14 16:03:00 WARN  no build target for: /home/andresuv/cuartoSemestre/PFC/proyecto/proyectocode/proyectofinal/src/test/scala/pruebas.worksheet.sc[0m
[31merror[39m: proyectofinal/src/test/scala/pruebas.worksheet.sc:212:9: 
Not found: generarItinerarios
        generarItinerarios(cod1, cod2, Set(cod1))
        ^^^^^^^^^^^^^^^^^^
2024.05.14 16:03:00 INFO  time: evaluated worksheet 'pruebas.worksheet.sc' in 0.3s[0m
2024.05.14 16:03:12 WARN  no build target for: /home/andresuv/cuartoSemestre/PFC/proyecto/proyectocode/proyectofinal/src/test/scala/pruebas.worksheet.sc[0m
2024.05.14 16:03:14 INFO  time: evaluated worksheet 'pruebas.worksheet.sc' in 1.29s[0m
2024.05.14 16:03:31 WARN  no build target for: /home/andresuv/cuartoSemestre/PFC/proyecto/proyectocode/proyectofinal/src/test/scala/pruebas.worksheet.sc[0m
2024.05.14 16:03:31 INFO  time: evaluated worksheet 'pruebas.worksheet.sc' in 0.75s[0m
2024.05.14 16:04:05 WARN  no build target for: /home/andresuv/cuartoSemestre/PFC/proyecto/proyectocode/proyectofinal/src/test/scala/pruebas.worksheet.sc[0m
2024.05.14 16:04:06 INFO  time: evaluated worksheet 'pruebas.worksheet.sc' in 0.71s[0m
2024.05.14 16:05:07 WARN  no build target for: /home/andresuv/cuartoSemestre/PFC/proyecto/proyectocode/proyectofinal/src/test/scala/pruebas.worksheet.sc[0m
2024.05.14 16:05:07 INFO  time: evaluated worksheet 'pruebas.worksheet.sc' in 0.64s[0m
2024.05.14 16:13:19 WARN  no build target for: /home/andresuv/cuartoSemestre/PFC/proyecto/proyectocode/proyectofinal/src/test/scala/pruebas.worksheet.sc[0m
[31merror[39m: proyectofinal/src/test/scala/pruebas.worksheet.sc:200:75: 
value :+ is not a member of MdocApp.this.Vuelo
      } yield formarItinerarios(cod1,v.Org,visitados + v.Org).flatten.map(_:+v)
                                                                          ^^^
2024.05.14 16:13:20 INFO  time: evaluated worksheet 'pruebas.worksheet.sc' in 0.32s[0m
2024.05.14 16:13:43 WARN  no build target for: /home/andresuv/cuartoSemestre/PFC/proyecto/proyectocode/proyectofinal/src/test/scala/pruebas.worksheet.sc[0m
2024.05.14 16:13:44 INFO  time: evaluated worksheet 'pruebas.worksheet.sc' in 0.57s[0m
2024.05.14 16:20:32 WARN  no build target for: /home/andresuv/cuartoSemestre/PFC/proyecto/proyectocode/proyectofinal/src/test/scala/pruebas.worksheet.sc[0m
[31merror[39m: proyectofinal/src/test/scala/pruebas.worksheet.sc:170:26: 
Not found: itinerarios2
val obtenerItinerarios = itinerarios2(vuelosCurso, aeropuertosCurso)
                         ^^^^^^^^^^^^
[31merror[39m: proyectofinal/src/test/scala/pruebas.worksheet.sc:191:5: 
Double definition:
def itinerarios
  (vuelos: List[MdocApp.this.Vuelo], aeropuertos: List[MdocApp.this.Aeropuerto])
    : (String, String) => List[MdocApp.this.Itinerario] in class MdocApp at line 140 and
def itinerarios
  (vuelos: List[MdocApp.this.Vuelo], aeropuertos: List[MdocApp.this.Aeropuerto])
    : (String, String) => List[MdocApp.this.Itinerario] in class MdocApp at line 202
have the same type after erasure.

Consider adding a @targetName annotation to one of the conflicting definitions
for disambiguation.
def itinerarios(vuelos:List[Vuelo],aeropuertos:List[Aeropuerto]):(String,String)=>List[Itinerario]={
    ^
2024.05.14 16:20:32 INFO  time: evaluated worksheet 'pruebas.worksheet.sc' in 0.29s[0m
2024.05.14 16:20:43 WARN  no build target for: /home/andresuv/cuartoSemestre/PFC/proyecto/proyectocode/proyectofinal/src/test/scala/pruebas.worksheet.sc[0m
2024.05.14 16:20:43 INFO  time: evaluated worksheet 'pruebas.worksheet.sc' in 0.61s[0m
2024.05.14 16:27:47 WARN  no build target for: /home/andresuv/cuartoSemestre/PFC/proyecto/proyectocode/proyectofinal/src/test/scala/pruebas.worksheet.sc[0m
2024.05.14 16:27:47 INFO  time: evaluated worksheet 'pruebas.worksheet.sc' in 0.54s[0m
2024.05.14 16:28:30 WARN  no build target for: /home/andresuv/cuartoSemestre/PFC/proyecto/proyectocode/proyectofinal/src/test/scala/pruebas.worksheet.sc[0m
2024.05.14 16:28:31 INFO  time: evaluated worksheet 'pruebas.worksheet.sc' in 0.55s[0m
May 14, 2024 4:30:41 PM org.eclipse.lsp4j.jsonrpc.RemoteEndpoint handleCancellation
WARNING: Unmatched cancel notification for request id 9926
2024.05.14 16:31:05 WARN  no build target for: /home/andresuv/cuartoSemestre/PFC/proyecto/proyectocode/proyectofinal/src/test/scala/pruebas.worksheet.sc[0m
2024.05.14 16:31:06 INFO  time: evaluated worksheet 'pruebas.worksheet.sc' in 0.53s[0m
2024.05.14 16:31:58 WARN  no build target for: /home/andresuv/cuartoSemestre/PFC/proyecto/proyectocode/proyectofinal/src/test/scala/pruebas.worksheet.sc[0m
2024.05.14 16:31:59 INFO  time: evaluated worksheet 'pruebas.worksheet.sc' in 0.56s[0m
2024.05.14 16:32:55 WARN  no build target for: /home/andresuv/cuartoSemestre/PFC/proyecto/proyectocode/proyectofinal/src/test/scala/pruebas.worksheet.sc[0m
May 14, 2024 4:32:55 PM org.eclipse.lsp4j.jsonrpc.RemoteEndpoint handleCancellation
WARNING: Unmatched cancel notification for request id 10153
2024.05.14 16:32:55 INFO  time: evaluated worksheet 'pruebas.worksheet.sc' in 0.57s[0m
2024.05.14 16:33:01 WARN  no build target for: /home/andresuv/cuartoSemestre/PFC/proyecto/proyectocode/proyectofinal/src/test/scala/pruebas.worksheet.sc[0m
2024.05.14 16:33:01 INFO  time: evaluated worksheet 'pruebas.worksheet.sc' in 0.53s[0m
2024.05.14 16:35:37 WARN  no build target for: /home/andresuv/cuartoSemestre/PFC/proyecto/proyectocode/proyectofinal/src/test/scala/pruebas.worksheet.sc[0m
[31merror[39m: proyectofinal/src/test/scala/pruebas.worksheet.sc:180:35: 
Not found: obtenerItinerarios3
obtenerItinerarios("MID","SVCS")==obtenerItinerarios3("MID","SVCS")
                                  ^^^^^^^^^^^^^^^^^^^
[31merror[39m: proyectofinal/src/test/scala/pruebas.worksheet.sc:182:35: 
Not found: obtenerItinerarios3
obtenerItinerarios("CLO","SVCS")==obtenerItinerarios3("CLO","SVCS")
                                  ^^^^^^^^^^^^^^^^^^^
[31merror[39m: proyectofinal/src/test/scala/pruebas.worksheet.sc:184:34: 
Not found: obtenerItinerarios3
obtenerItinerarios("CLO","SVO")==obtenerItinerarios3("CLO","SVO")
                                 ^^^^^^^^^^^^^^^^^^^
[31merror[39m: proyectofinal/src/test/scala/pruebas.worksheet.sc:186:34: 
Not found: obtenerItinerarios3
obtenerItinerarios("CLO","MEX")==obtenerItinerarios3("CLO","MEX")
                                 ^^^^^^^^^^^^^^^^^^^
[31merror[39m: proyectofinal/src/test/scala/pruebas.worksheet.sc:188:34: 
Not found: obtenerItinerarios3
obtenerItinerarios("CTG","PTY")==obtenerItinerarios3("CTG","PTY")
                                 ^^^^^^^^^^^^^^^^^^^
2024.05.14 16:35:38 INFO  time: evaluated worksheet 'pruebas.worksheet.sc' in 0.42s[0m
2024.05.14 16:35:47 WARN  no build target for: /home/andresuv/cuartoSemestre/PFC/proyecto/proyectocode/proyectofinal/src/test/scala/pruebas.worksheet.sc[0m
2024.05.14 16:35:47 WARN  no build target for: /home/andresuv/cuartoSemestre/PFC/proyecto/proyectocode/proyectofinal/src/test/scala/pruebas.worksheet.sc[0m
2024.05.14 16:35:48 WARN  no build target for: /home/andresuv/cuartoSemestre/PFC/proyecto/proyectocode/proyectofinal/src/test/scala/pruebas.worksheet.sc[0m
2024.05.14 16:35:48 INFO  time: evaluated worksheet 'pruebas.worksheet.sc' in 0.62s[0m
2024.05.14 16:35:48 INFO  time: evaluated worksheet 'pruebas.worksheet.sc' in 0.58s[0m
2024.05.14 16:35:49 INFO  time: evaluated worksheet 'pruebas.worksheet.sc' in 0.62s[0m
2024.05.14 16:37:00 WARN  no build target for: /home/andresuv/cuartoSemestre/PFC/proyecto/proyectocode/proyectofinal/src/test/scala/pruebas.worksheet.sc[0m
2024.05.14 16:37:01 INFO  time: evaluated worksheet 'pruebas.worksheet.sc' in 0.54s[0m
2024.05.14 16:37:25 WARN  no build target for: /home/andresuv/cuartoSemestre/PFC/proyecto/proyectocode/proyectofinal/src/test/scala/pruebas.worksheet.sc[0m
2024.05.14 16:37:25 INFO  time: evaluated worksheet 'pruebas.worksheet.sc' in 0.51s[0m
2024.05.14 16:37:31 WARN  no build target for: /home/andresuv/cuartoSemestre/PFC/proyecto/proyectocode/proyectofinal/src/test/scala/pruebas.worksheet.sc[0m
May 14, 2024 4:37:31 PM org.eclipse.lsp4j.jsonrpc.RemoteEndpoint handleCancellation
WARNING: Unmatched cancel notification for request id 11070
2024.05.14 16:37:32 INFO  time: evaluated worksheet 'pruebas.worksheet.sc' in 0.54s[0m
2024.05.14 16:37:32 WARN  no build target for: /home/andresuv/cuartoSemestre/PFC/proyecto/proyectocode/proyectofinal/src/test/scala/pruebas.worksheet.sc[0m
2024.05.14 16:37:33 INFO  time: evaluated worksheet 'pruebas.worksheet.sc' in 0.56s[0m
2024.05.14 16:37:33 WARN  no build target for: /home/andresuv/cuartoSemestre/PFC/proyecto/proyectocode/proyectofinal/src/test/scala/pruebas.worksheet.sc[0m
2024.05.14 16:37:33 INFO  time: evaluated worksheet 'pruebas.worksheet.sc' in 0.52s[0m
2024.05.14 16:47:34 WARN  no build target for: /home/andresuv/cuartoSemestre/PFC/proyecto/proyectocode/proyectofinal/src/test/scala/pruebas.worksheet.sc[0m
2024.05.14 16:47:34 INFO  time: evaluated worksheet 'pruebas.worksheet.sc' in 0.54s[0m
2024.05.14 16:48:44 WARN  no build target for: /home/andresuv/cuartoSemestre/PFC/proyecto/proyectocode/proyectofinal/src/test/scala/pruebas.worksheet.sc[0m
2024.05.14 16:48:45 INFO  time: evaluated worksheet 'pruebas.worksheet.sc' in 0.59s[0m
2024.05.14 16:51:02 WARN  no build target for: /home/andresuv/cuartoSemestre/PFC/proyecto/proyectocode/proyectofinal/src/test/scala/pruebas.worksheet.sc[0m
2024.05.14 16:51:02 INFO  time: evaluated worksheet 'pruebas.worksheet.sc' in 0.56s[0m
May 14, 2024 4:54:05 PM org.eclipse.lsp4j.jsonrpc.RemoteEndpoint handleCancellation
WARNING: Unmatched cancel notification for request id 11947
2024.05.14 16:54:52 WARN  no build target for: /home/andresuv/cuartoSemestre/PFC/proyecto/proyectocode/proyectofinal/src/test/scala/pruebas.worksheet.sc[0m
2024.05.14 16:54:53 INFO  time: evaluated worksheet 'pruebas.worksheet.sc' in 0.56s[0m
2024.05.14 16:55:34 WARN  no build target for: /home/andresuv/cuartoSemestre/PFC/proyecto/proyectocode/proyectofinal/src/test/scala/pruebas.worksheet.sc[0m
2024.05.14 16:55:35 INFO  time: evaluated worksheet 'pruebas.worksheet.sc' in 0.58s[0m
2024.05.14 16:55:48 WARN  no build target for: /home/andresuv/cuartoSemestre/PFC/proyecto/proyectocode/proyectofinal/src/test/scala/pruebas.worksheet.sc[0m
2024.05.14 16:55:49 INFO  time: evaluated worksheet 'pruebas.worksheet.sc' in 0.56s[0m
2024.05.14 16:55:58 WARN  no build target for: /home/andresuv/cuartoSemestre/PFC/proyecto/proyectocode/proyectofinal/src/test/scala/pruebas.worksheet.sc[0m
2024.05.14 16:55:59 INFO  time: evaluated worksheet 'pruebas.worksheet.sc' in 0.55s[0m
2024.05.14 16:57:28 WARN  no build target for: /home/andresuv/cuartoSemestre/PFC/proyecto/proyectocode/proyectofinal/src/test/scala/pruebas.worksheet.sc[0m
May 14, 2024 4:57:28 PM org.eclipse.lsp4j.jsonrpc.RemoteEndpoint handleCancellation
WARNING: Unmatched cancel notification for request id 12417
2024.05.14 16:57:28 INFO  time: evaluated worksheet 'pruebas.worksheet.sc' in 0.65s[0m
2024.05.14 17:00:55 WARN  no build target for: /home/andresuv/cuartoSemestre/PFC/proyecto/proyectocode/proyectofinal/src/test/scala/pruebas.worksheet.sc[0m
2024.05.14 17:00:56 INFO  time: evaluated worksheet 'pruebas.worksheet.sc' in 0.48s[0m
2024.05.14 17:02:04 WARN  no build target for: /home/andresuv/cuartoSemestre/PFC/proyecto/proyectocode/proyectofinal/src/test/scala/pruebas.worksheet.sc[0m
2024.05.14 17:02:04 INFO  time: evaluated worksheet 'pruebas.worksheet.sc' in 0.49s[0m
2024.05.14 17:05:52 WARN  no build target for: /home/andresuv/cuartoSemestre/PFC/proyecto/proyectocode/proyectofinal/src/test/scala/pruebas.worksheet.sc[0m
[31merror[39m: proyectofinal/src/test/scala/pruebas.worksheet.sc:202:25: 
value +: is not a member of MdocApp.this.Vuelo
      } yield itRestante+:v
                        ^^^
2024.05.14 17:05:52 INFO  time: evaluated worksheet 'pruebas.worksheet.sc' in 0.36s[0m
2024.05.14 17:07:17 WARN  no build target for: /home/andresuv/cuartoSemestre/PFC/proyecto/proyectocode/proyectofinal/src/test/scala/pruebas.worksheet.sc[0m
2024.05.14 17:07:17 INFO  time: evaluated worksheet 'pruebas.worksheet.sc' in 0.47s[0m
2024.05.14 17:09:29 WARN  no build target for: /home/andresuv/cuartoSemestre/PFC/proyecto/proyectocode/proyectofinal/src/test/scala/pruebas.worksheet.sc[0m
2024.05.14 17:09:29 INFO  time: evaluated worksheet 'pruebas.worksheet.sc' in 0.51s[0m
2024.05.14 17:09:43 WARN  no build target for: /home/andresuv/cuartoSemestre/PFC/proyecto/proyectocode/proyectofinal/src/test/scala/pruebas.worksheet.sc[0m
2024.05.14 17:09:43 INFO  time: evaluated worksheet 'pruebas.worksheet.sc' in 0.51s[0m
2024.05.14 17:14:48 WARN  no build target for: /home/andresuv/cuartoSemestre/PFC/proyecto/proyectocode/proyectofinal/src/test/scala/pruebas.worksheet.sc[0m
2024.05.14 17:14:48 INFO  time: evaluated worksheet 'pruebas.worksheet.sc' in 0.48s[0m
2024.05.14 17:15:03 WARN  no build target for: /home/andresuv/cuartoSemestre/PFC/proyecto/proyectocode/proyectofinal/src/test/scala/pruebas.worksheet.sc[0m
2024.05.14 17:15:04 INFO  time: evaluated worksheet 'pruebas.worksheet.sc' in 0.48s[0m
2024.05.14 17:17:27 WARN  no build target for: /home/andresuv/cuartoSemestre/PFC/proyecto/proyectocode/proyectofinal/src/test/scala/pruebas.worksheet.sc[0m
2024.05.14 17:17:28 INFO  time: evaluated worksheet 'pruebas.worksheet.sc' in 0.49s[0m
2024.05.14 17:19:32 WARN  no build target for: /home/andresuv/cuartoSemestre/PFC/proyecto/proyectocode/proyectofinal/src/test/scala/pruebas.worksheet.sc[0m
[31merror[39m: proyectofinal/src/test/scala/pruebas.worksheet.sc:171:25: 
Not found: itinerarios4
val obtenerItinerarios3=itinerarios4(vuelosCurso,aeropuertosCurso)
                        ^^^^^^^^^^^^
2024.05.14 17:19:32 INFO  time: evaluated worksheet 'pruebas.worksheet.sc' in 0.39s[0m
2024.05.14 17:20:00 WARN  no build target for: /home/andresuv/cuartoSemestre/PFC/proyecto/proyectocode/proyectofinal/src/test/scala/pruebas.worksheet.sc[0m
2024.05.14 17:20:01 INFO  time: evaluated worksheet 'pruebas.worksheet.sc' in 0.57s[0m
2024.05.14 17:21:05 WARN  no build target for: /home/andresuv/cuartoSemestre/PFC/proyecto/proyectocode/proyectofinal/src/test/scala/pruebas.worksheet.sc[0m
2024.05.14 17:21:06 INFO  time: evaluated worksheet 'pruebas.worksheet.sc' in 0.55s[0m
2024.05.14 17:21:32 WARN  no build target for: /home/andresuv/cuartoSemestre/PFC/proyecto/proyectocode/proyectofinal/src/test/scala/pruebas.worksheet.sc[0m
2024.05.14 17:21:33 INFO  time: evaluated worksheet 'pruebas.worksheet.sc' in 0.52s[0m
2024.05.14 17:21:44 WARN  no build target for: /home/andresuv/cuartoSemestre/PFC/proyecto/proyectocode/proyectofinal/src/test/scala/pruebas.worksheet.sc[0m
2024.05.14 17:21:44 INFO  time: evaluated worksheet 'pruebas.worksheet.sc' in 0.57s[0m
2024.05.14 17:21:58 WARN  no build target for: /home/andresuv/cuartoSemestre/PFC/proyecto/proyectocode/proyectofinal/src/test/scala/pruebas.worksheet.sc[0m
[31merror[39m: proyectofinal/src/test/scala/pruebas.worksheet.sc:171:25: 
Not found: itinerariosInverso
val obtenerItinerarios3=itinerariosInverso(vuelosCurso,aeropuertosCurso)
                        ^^^^^^^^^^^^^^^^^^
2024.05.14 17:21:59 INFO  time: evaluated worksheet 'pruebas.worksheet.sc' in 0.44s[0m
2024.05.14 17:22:08 WARN  no build target for: /home/andresuv/cuartoSemestre/PFC/proyecto/proyectocode/proyectofinal/src/test/scala/pruebas.worksheet.sc[0m
2024.05.14 17:22:08 INFO  time: evaluated worksheet 'pruebas.worksheet.sc' in 0.51s[0m
2024.05.14 17:23:55 WARN  no build target for: /home/andresuv/cuartoSemestre/PFC/proyecto/proyectocode/proyectofinal/src/test/scala/pruebas.worksheet.sc[0m
2024.05.14 17:23:56 INFO  time: evaluated worksheet 'pruebas.worksheet.sc' in 0.54s[0m
2024.05.14 17:25:11 WARN  no build target for: /home/andresuv/cuartoSemestre/PFC/proyecto/proyectocode/proyectofinal/src/test/scala/pruebas.worksheet.sc[0m
[31merror[39m: proyectofinal/src/test/scala/pruebas.worksheet.sc:268:26: 
No given instance of type List[MdocApp.this.Vuelo] => IterableOnce[List[MdocApp.this.Vuelo]] was found for parameter toIterableOnce of method flatten in trait StrictOptimizedIterableOps
      itinerarios.flatten // Aplanamos la lista de itinerarios generados
                         ^
2024.05.14 17:25:12 INFO  time: evaluated worksheet 'pruebas.worksheet.sc' in 0.43s[0m
